<?xml version="1.0" encoding="UTF-8"?>
<coverage generated="1509646594006" clover="3.2.0">
  <project timestamp="1509646594007" name="All files">
    <metrics statements="142" coveredstatements="108" conditionals="39" coveredconditionals="28" methods="63" coveredmethods="38" elements="244" coveredelements="174" complexity="0" loc="142" ncloc="142" packages="7" files="19" classes="19">
      <package name="pumpUp">
        <metrics statements="3" coveredstatements="3" conditionals="0" coveredconditionals="0" methods="1" coveredmethods="1"/>
        <file name="App.js" path="/home/universalmind/Documents/pump_up/pumpUp/App.js">
          <metrics statements="3" coveredstatements="3" conditionals="0" coveredconditionals="0" methods="1" coveredmethods="1"/>
          <line num="16" count="1" type="stmt"/>
          <line num="17" count="1" type="stmt"/>
          <line num="23" count="1" type="stmt"/>
        </file>
      </package>
      <package name="pumpUp.src">
        <metrics statements="4" coveredstatements="4" conditionals="2" coveredconditionals="2" methods="2" coveredmethods="2"/>
        <file name="index.js" path="/home/universalmind/Documents/pump_up/pumpUp/src/index.js">
          <metrics statements="1" coveredstatements="1" conditionals="0" coveredconditionals="0" methods="1" coveredmethods="1"/>
          <line num="12" count="1" type="stmt"/>
        </file>
        <file name="utils.js" path="/home/universalmind/Documents/pump_up/pumpUp/src/utils.js">
          <metrics statements="3" coveredstatements="3" conditionals="2" coveredconditionals="2" methods="1" coveredmethods="1"/>
          <line num="2" count="19" type="cond" truecount="2" falsecount="0"/>
          <line num="3" count="2" type="stmt"/>
          <line num="5" count="17" type="stmt"/>
        </file>
      </package>
      <package name="pumpUp.src.actions">
        <metrics statements="38" coveredstatements="32" conditionals="6" coveredconditionals="4" methods="15" coveredmethods="12"/>
        <file name="feed.js" path="/home/universalmind/Documents/pump_up/pumpUp/src/actions/feed.js">
          <metrics statements="9" coveredstatements="9" conditionals="2" coveredconditionals="2" methods="2" coveredmethods="2"/>
          <line num="8" count="3" type="stmt"/>
          <line num="9" count="3" type="stmt"/>
          <line num="10" count="3" type="stmt"/>
          <line num="11" count="3" type="stmt"/>
          <line num="12" count="3" type="cond" truecount="2" falsecount="0"/>
          <line num="13" count="2" type="stmt"/>
          <line num="19" count="1" type="stmt"/>
          <line num="21" count="1" type="stmt"/>
          <line num="22" count="1" type="stmt"/>
        </file>
        <file name="photos.js" path="/home/universalmind/Documents/pump_up/pumpUp/src/actions/photos.js">
          <metrics statements="10" coveredstatements="7" conditionals="2" coveredconditionals="1" methods="4" coveredmethods="2"/>
          <line num="5" count="0" type="stmt"/>
          <line num="12" count="0" type="stmt"/>
          <line num="21" count="1" type="stmt"/>
          <line num="23" count="1" type="stmt"/>
          <line num="24" count="1" type="stmt"/>
          <line num="25" count="1" type="stmt"/>
          <line num="26" count="1" type="cond" truecount="1" falsecount="1"/>
          <line num="27" count="1" type="stmt"/>
          <line num="33" count="0" type="stmt"/>
          <line num="35" count="1" type="stmt"/>
        </file>
        <file name="requests.js" path="/home/universalmind/Documents/pump_up/pumpUp/src/actions/requests.js">
          <metrics statements="3" coveredstatements="3" conditionals="0" coveredconditionals="0" methods="3" coveredmethods="3"/>
          <line num="2" count="5" type="stmt"/>
          <line num="8" count="2" type="stmt"/>
          <line num="15" count="4" type="stmt"/>
        </file>
        <file name="service.js" path="/home/universalmind/Documents/pump_up/pumpUp/src/actions/service.js">
          <metrics statements="7" coveredstatements="7" conditionals="0" coveredconditionals="0" methods="3" coveredmethods="3"/>
          <line num="3" count="3" type="stmt"/>
          <line num="11" count="3" type="stmt"/>
          <line num="17" count="2" type="stmt"/>
          <line num="22" count="3" type="stmt"/>
          <line num="31" count="3" type="stmt"/>
          <line num="36" count="4" type="stmt"/>
          <line num="44" count="4" type="stmt"/>
        </file>
        <file name="user.js" path="/home/universalmind/Documents/pump_up/pumpUp/src/actions/user.js">
          <metrics statements="9" coveredstatements="6" conditionals="2" coveredconditionals="1" methods="3" coveredmethods="2"/>
          <line num="5" count="0" type="stmt"/>
          <line num="12" count="1" type="stmt"/>
          <line num="13" count="1" type="stmt"/>
          <line num="15" count="1" type="stmt"/>
          <line num="17" count="1" type="stmt"/>
          <line num="18" count="1" type="cond" truecount="1" falsecount="1"/>
          <line num="19" count="1" type="stmt"/>
          <line num="25" count="0" type="stmt"/>
          <line num="27" count="0" type="stmt"/>
        </file>
      </package>
      <package name="pumpUp.src.components">
        <metrics statements="12" coveredstatements="7" conditionals="0" coveredconditionals="0" methods="3" coveredmethods="0"/>
        <file name="GridItem.js" path="/home/universalmind/Documents/pump_up/pumpUp/src/components/GridItem.js">
          <metrics statements="8" coveredstatements="4" conditionals="0" coveredconditionals="0" methods="2" coveredmethods="0"/>
          <line num="12" count="1" type="stmt"/>
          <line num="13" count="1" type="stmt"/>
          <line num="16" count="0" type="stmt"/>
          <line num="17" count="0" type="stmt"/>
          <line num="18" count="0" type="stmt"/>
          <line num="20" count="0" type="stmt"/>
          <line num="29" count="1" type="stmt"/>
          <line num="35" count="1" type="stmt"/>
        </file>
        <file name="Photo.js" path="/home/universalmind/Documents/pump_up/pumpUp/src/components/Photo.js">
          <metrics statements="4" coveredstatements="3" conditionals="0" coveredconditionals="0" methods="1" coveredmethods="0"/>
          <line num="12" count="1" type="stmt"/>
          <line num="15" count="0" type="stmt"/>
          <line num="24" count="1" type="stmt"/>
          <line num="35" count="1" type="stmt"/>
        </file>
      </package>
      <package name="pumpUp.src.containers">
        <metrics statements="60" coveredstatements="41" conditionals="20" coveredconditionals="11" methods="27" coveredmethods="14"/>
        <file name="Grid.js" path="/home/universalmind/Documents/pump_up/pumpUp/src/containers/Grid.js">
          <metrics statements="16" coveredstatements="11" conditionals="4" coveredconditionals="3" methods="6" coveredmethods="4"/>
          <line num="16" count="1" type="stmt"/>
          <line num="27" count="2" type="cond" truecount="2" falsecount="0"/>
          <line num="28" count="1" type="stmt"/>
          <line num="29" count="1" type="stmt"/>
          <line num="31" count="1" type="cond" truecount="1" falsecount="1"/>
          <line num="32" count="1" type="stmt"/>
          <line num="34" count="0" type="stmt"/>
          <line num="35" count="0" type="stmt"/>
          <line num="36" count="0" type="stmt"/>
          <line num="44" count="0" type="stmt"/>
          <line num="53" count="0" type="stmt"/>
          <line num="62" count="2" type="stmt"/>
          <line num="68" count="1" type="stmt"/>
          <line num="69" count="1" type="stmt"/>
          <line num="74" count="1" type="stmt"/>
          <line num="81" count="1" type="stmt"/>
        </file>
        <file name="Header.js" path="/home/universalmind/Documents/pump_up/pumpUp/src/containers/Header.js">
          <metrics statements="13" coveredstatements="11" conditionals="10" coveredconditionals="3" methods="5" coveredmethods="4"/>
          <line num="16" count="1" type="stmt"/>
          <line num="34" count="2" type="cond" truecount="2" falsecount="0"/>
          <line num="35" count="1" type="stmt"/>
          <line num="37" count="2" type="cond" truecount="1" falsecount="1"/>
          <line num="38" count="2" type="stmt"/>
          <line num="44" count="0" type="stmt"/>
          <line num="65" count="3" type="stmt"/>
          <line num="71" count="1" type="stmt"/>
          <line num="72" count="0" type="stmt"/>
          <line num="73" count="1" type="stmt"/>
          <line num="78" count="1" type="stmt"/>
          <line num="79" count="1" type="stmt"/>
          <line num="116" count="1" type="stmt"/>
        </file>
        <file name="NavDots.js" path="/home/universalmind/Documents/pump_up/pumpUp/src/containers/NavDots.js">
          <metrics statements="9" coveredstatements="2" conditionals="0" coveredconditionals="0" methods="6" coveredmethods="0"/>
          <line num="24" count="0" type="stmt"/>
          <line num="27" count="0" type="stmt"/>
          <line num="32" count="0" type="stmt"/>
          <line num="33" count="0" type="stmt"/>
          <line num="46" count="1" type="stmt"/>
          <line num="57" count="0" type="stmt"/>
          <line num="65" count="0" type="stmt"/>
          <line num="66" count="0" type="stmt"/>
          <line num="70" count="1" type="stmt"/>
        </file>
        <file name="Swiper.js" path="/home/universalmind/Documents/pump_up/pumpUp/src/containers/Swiper.js">
          <metrics statements="22" coveredstatements="17" conditionals="6" coveredconditionals="5" methods="10" coveredmethods="6"/>
          <line num="18" count="1" type="stmt"/>
          <line num="21" count="0" type="stmt"/>
          <line num="31" count="1" type="stmt"/>
          <line num="39" count="1" type="stmt"/>
          <line num="41" count="1" type="cond" truecount="1" falsecount="1"/>
          <line num="43" count="0" type="stmt"/>
          <line num="56" count="3" type="stmt"/>
          <line num="57" count="3" type="cond" truecount="2" falsecount="0"/>
          <line num="58" count="1" type="stmt"/>
          <line num="60" count="3" type="cond" truecount="2" falsecount="0"/>
          <line num="61" count="2" type="stmt"/>
          <line num="68" count="1" type="stmt"/>
          <line num="69" count="1" type="stmt"/>
          <line num="72" count="0" type="stmt"/>
          <line num="75" count="0" type="stmt"/>
          <line num="88" count="0" type="stmt"/>
          <line num="103" count="3" type="stmt"/>
          <line num="109" count="1" type="stmt"/>
          <line num="110" count="1" type="stmt"/>
          <line num="114" count="1" type="stmt"/>
          <line num="123" count="1" type="stmt"/>
          <line num="129" count="1" type="stmt"/>
        </file>
      </package>
      <package name="pumpUp.src.reducers">
        <metrics statements="21" coveredstatements="18" conditionals="11" coveredconditionals="11" methods="12" coveredmethods="9"/>
        <file name="feed.js" path="/home/universalmind/Documents/pump_up/pumpUp/src/reducers/feed.js">
          <metrics statements="6" coveredstatements="5" conditionals="5" coveredconditionals="5" methods="4" coveredmethods="3"/>
          <line num="4" count="1" type="stmt"/>
          <line num="12" count="10" type="stmt"/>
          <line num="13" count="1" type="stmt"/>
          <line num="18" count="1" type="stmt"/>
          <line num="23" count="0" type="stmt"/>
          <line num="30" count="10" type="cond" truecount="4" falsecount="0"/>
        </file>
        <file name="index.js" path="/home/universalmind/Documents/pump_up/pumpUp/src/reducers/index.js">
          <metrics statements="0" coveredstatements="0" conditionals="0" coveredconditionals="0" methods="0" coveredmethods="0"/>
        </file>
        <file name="photos.js" path="/home/universalmind/Documents/pump_up/pumpUp/src/reducers/photos.js">
          <metrics statements="9" coveredstatements="8" conditionals="3" coveredconditionals="3" methods="4" coveredmethods="3"/>
          <line num="4" count="1" type="stmt"/>
          <line num="6" count="1" type="stmt"/>
          <line num="8" count="1" type="stmt"/>
          <line num="23" count="10" type="stmt"/>
          <line num="24" count="10" type="stmt"/>
          <line num="26" count="0" type="stmt"/>
          <line num="32" count="1" type="stmt"/>
          <line num="37" count="1" type="stmt"/>
          <line num="44" count="10" type="cond" truecount="2" falsecount="0"/>
        </file>
        <file name="user.js" path="/home/universalmind/Documents/pump_up/pumpUp/src/reducers/user.js">
          <metrics statements="6" coveredstatements="5" conditionals="3" coveredconditionals="3" methods="4" coveredmethods="3"/>
          <line num="4" count="1" type="stmt"/>
          <line num="13" count="10" type="stmt"/>
          <line num="14" count="1" type="stmt"/>
          <line num="19" count="1" type="stmt"/>
          <line num="24" count="0" type="stmt"/>
          <line num="29" count="10" type="cond" truecount="2" falsecount="0"/>
        </file>
      </package>
      <package name="pumpUp.src.selectors">
        <metrics statements="4" coveredstatements="3" conditionals="0" coveredconditionals="0" methods="3" coveredmethods="0"/>
        <file name="photos.js" path="/home/universalmind/Documents/pump_up/pumpUp/src/selectors/photos.js">
          <metrics statements="4" coveredstatements="3" conditionals="0" coveredconditionals="0" methods="3" coveredmethods="0"/>
          <line num="4" count="1" type="stmt"/>
          <line num="5" count="1" type="stmt"/>
          <line num="8" count="1" type="stmt"/>
          <line num="10" count="0" type="stmt"/>
        </file>
      </package>
    </metrics>
  </project>
</coverage>
