<?xml version="1.0" encoding="UTF-8"?>
<coverage generated="1509652493131" clover="3.2.0">
  <project timestamp="1509652493131" name="All files">
    <metrics statements="139" coveredstatements="112" conditionals="45" coveredconditionals="35" methods="64" coveredmethods="45" elements="248" coveredelements="192" complexity="0" loc="139" ncloc="139" packages="7" files="19" classes="19">
      <package name="pumpUp">
        <metrics statements="3" coveredstatements="3" conditionals="0" coveredconditionals="0" methods="1" coveredmethods="1"/>
        <file name="App.js" path="/home/universalmind/Documents/pump_up/pumpUp/App.js">
          <metrics statements="3" coveredstatements="3" conditionals="0" coveredconditionals="0" methods="1" coveredmethods="1"/>
          <line num="15" count="1" type="stmt"/>
          <line num="16" count="1" type="stmt"/>
          <line num="22" count="1" type="stmt"/>
        </file>
      </package>
      <package name="pumpUp.src">
        <metrics statements="2" coveredstatements="2" conditionals="2" coveredconditionals="2" methods="2" coveredmethods="2"/>
        <file name="index.js" path="/home/universalmind/Documents/pump_up/pumpUp/src/index.js">
          <metrics statements="1" coveredstatements="1" conditionals="0" coveredconditionals="0" methods="1" coveredmethods="1"/>
          <line num="12" count="1" type="stmt"/>
        </file>
        <file name="utils.js" path="/home/universalmind/Documents/pump_up/pumpUp/src/utils.js">
          <metrics statements="1" coveredstatements="1" conditionals="2" coveredconditionals="2" methods="1" coveredmethods="1"/>
          <line num="2" count="19" type="cond" truecount="2" falsecount="0"/>
        </file>
      </package>
      <package name="pumpUp.src.actions">
        <metrics statements="36" coveredstatements="36" conditionals="6" coveredconditionals="6" methods="14" coveredmethods="14"/>
        <file name="feed.js" path="/home/universalmind/Documents/pump_up/pumpUp/src/actions/feed.js">
          <metrics statements="8" coveredstatements="8" conditionals="2" coveredconditionals="2" methods="2" coveredmethods="2"/>
          <line num="11" count="3" type="stmt"/>
          <line num="12" count="3" type="stmt"/>
          <line num="13" count="3" type="stmt"/>
          <line num="14" count="3" type="stmt"/>
          <line num="15" count="2" type="cond" truecount="2" falsecount="0"/>
          <line num="16" count="1" type="stmt"/>
          <line num="22" count="1" type="stmt"/>
          <line num="24" count="1" type="stmt"/>
        </file>
        <file name="photos.js" path="/home/universalmind/Documents/pump_up/pumpUp/src/actions/photos.js">
          <metrics statements="9" coveredstatements="9" conditionals="2" coveredconditionals="2" methods="3" coveredmethods="3"/>
          <line num="9" count="2" type="stmt"/>
          <line num="21" count="3" type="stmt"/>
          <line num="23" count="3" type="stmt"/>
          <line num="24" count="3" type="stmt"/>
          <line num="25" count="3" type="stmt"/>
          <line num="26" count="2" type="cond" truecount="2" falsecount="0"/>
          <line num="27" count="1" type="stmt"/>
          <line num="33" count="1" type="stmt"/>
          <line num="35" count="1" type="stmt"/>
        </file>
        <file name="requests.js" path="/home/universalmind/Documents/pump_up/pumpUp/src/actions/requests.js">
          <metrics statements="3" coveredstatements="3" conditionals="0" coveredconditionals="0" methods="3" coveredmethods="3"/>
          <line num="8" count="9" type="stmt"/>
          <line num="15" count="3" type="stmt"/>
          <line num="24" count="3" type="stmt"/>
        </file>
        <file name="service.js" path="/home/universalmind/Documents/pump_up/pumpUp/src/actions/service.js">
          <metrics statements="7" coveredstatements="7" conditionals="0" coveredconditionals="0" methods="3" coveredmethods="3"/>
          <line num="3" count="5" type="stmt"/>
          <line num="13" count="4" type="stmt"/>
          <line num="19" count="3" type="stmt"/>
          <line num="25" count="4" type="stmt"/>
          <line num="34" count="4" type="stmt"/>
          <line num="40" count="4" type="stmt"/>
          <line num="48" count="4" type="stmt"/>
        </file>
        <file name="user.js" path="/home/universalmind/Documents/pump_up/pumpUp/src/actions/user.js">
          <metrics statements="9" coveredstatements="9" conditionals="2" coveredconditionals="2" methods="3" coveredmethods="3"/>
          <line num="7" count="2" type="stmt"/>
          <line num="18" count="3" type="stmt"/>
          <line num="20" count="3" type="stmt"/>
          <line num="22" count="3" type="stmt"/>
          <line num="24" count="3" type="stmt"/>
          <line num="25" count="2" type="cond" truecount="2" falsecount="0"/>
          <line num="26" count="1" type="stmt"/>
          <line num="32" count="1" type="stmt"/>
          <line num="34" count="1" type="stmt"/>
        </file>
      </package>
      <package name="pumpUp.src.components">
        <metrics statements="12" coveredstatements="7" conditionals="0" coveredconditionals="0" methods="3" coveredmethods="0"/>
        <file name="GridItem.js" path="/home/universalmind/Documents/pump_up/pumpUp/src/components/GridItem.js">
          <metrics statements="8" coveredstatements="4" conditionals="0" coveredconditionals="0" methods="2" coveredmethods="0"/>
          <line num="12" count="1" type="stmt"/>
          <line num="13" count="1" type="stmt"/>
          <line num="18" count="0" type="stmt"/>
          <line num="19" count="0" type="stmt"/>
          <line num="21" count="0" type="stmt"/>
          <line num="23" count="0" type="stmt"/>
          <line num="32" count="1" type="stmt"/>
          <line num="38" count="1" type="stmt"/>
        </file>
        <file name="Photo.js" path="/home/universalmind/Documents/pump_up/pumpUp/src/components/Photo.js">
          <metrics statements="4" coveredstatements="3" conditionals="0" coveredconditionals="0" methods="1" coveredmethods="0"/>
          <line num="12" count="1" type="stmt"/>
          <line num="15" count="0" type="stmt"/>
          <line num="24" count="1" type="stmt"/>
          <line num="35" count="1" type="stmt"/>
        </file>
      </package>
      <package name="pumpUp.src.containers">
        <metrics statements="60" coveredstatements="39" conditionals="20" coveredconditionals="10" methods="27" coveredmethods="14"/>
        <file name="Grid.js" path="/home/universalmind/Documents/pump_up/pumpUp/src/containers/Grid.js">
          <metrics statements="16" coveredstatements="11" conditionals="4" coveredconditionals="3" methods="6" coveredmethods="4"/>
          <line num="16" count="1" type="stmt"/>
          <line num="27" count="2" type="cond" truecount="2" falsecount="0"/>
          <line num="28" count="1" type="stmt"/>
          <line num="29" count="1" type="stmt"/>
          <line num="31" count="1" type="cond" truecount="1" falsecount="1"/>
          <line num="32" count="1" type="stmt"/>
          <line num="35" count="0" type="stmt"/>
          <line num="36" count="0" type="stmt"/>
          <line num="38" count="0" type="stmt"/>
          <line num="47" count="0" type="stmt"/>
          <line num="57" count="0" type="stmt"/>
          <line num="66" count="2" type="stmt"/>
          <line num="72" count="1" type="stmt"/>
          <line num="73" count="1" type="stmt"/>
          <line num="78" count="1" type="stmt"/>
          <line num="85" count="1" type="stmt"/>
        </file>
        <file name="Header.js" path="/home/universalmind/Documents/pump_up/pumpUp/src/containers/Header.js">
          <metrics statements="13" coveredstatements="11" conditionals="10" coveredconditionals="3" methods="5" coveredmethods="4"/>
          <line num="16" count="1" type="stmt"/>
          <line num="34" count="2" type="cond" truecount="2" falsecount="0"/>
          <line num="35" count="1" type="stmt"/>
          <line num="37" count="2" type="cond" truecount="1" falsecount="1"/>
          <line num="38" count="2" type="stmt"/>
          <line num="44" count="0" type="stmt"/>
          <line num="65" count="2" type="stmt"/>
          <line num="71" count="1" type="stmt"/>
          <line num="72" count="0" type="stmt"/>
          <line num="73" count="1" type="stmt"/>
          <line num="78" count="1" type="stmt"/>
          <line num="79" count="1" type="stmt"/>
          <line num="116" count="1" type="stmt"/>
        </file>
        <file name="NavDots.js" path="/home/universalmind/Documents/pump_up/pumpUp/src/containers/NavDots.js">
          <metrics statements="9" coveredstatements="2" conditionals="0" coveredconditionals="0" methods="6" coveredmethods="0"/>
          <line num="24" count="0" type="stmt"/>
          <line num="27" count="0" type="stmt"/>
          <line num="32" count="0" type="stmt"/>
          <line num="33" count="0" type="stmt"/>
          <line num="46" count="1" type="stmt"/>
          <line num="57" count="0" type="stmt"/>
          <line num="65" count="0" type="stmt"/>
          <line num="66" count="0" type="stmt"/>
          <line num="70" count="1" type="stmt"/>
        </file>
        <file name="Swiper.js" path="/home/universalmind/Documents/pump_up/pumpUp/src/containers/Swiper.js">
          <metrics statements="22" coveredstatements="15" conditionals="6" coveredconditionals="4" methods="10" coveredmethods="6"/>
          <line num="18" count="1" type="stmt"/>
          <line num="23" count="0" type="stmt"/>
          <line num="33" count="1" type="stmt"/>
          <line num="45" count="1" type="stmt"/>
          <line num="47" count="1" type="cond" truecount="1" falsecount="1"/>
          <line num="49" count="0" type="stmt"/>
          <line num="63" count="2" type="stmt"/>
          <line num="65" count="2" type="cond" truecount="2" falsecount="0"/>
          <line num="66" count="1" type="stmt"/>
          <line num="69" count="2" type="cond" truecount="1" falsecount="1"/>
          <line num="70" count="2" type="stmt"/>
          <line num="78" count="0" type="stmt"/>
          <line num="80" count="0" type="stmt"/>
          <line num="83" count="0" type="stmt"/>
          <line num="86" count="0" type="stmt"/>
          <line num="99" count="0" type="stmt"/>
          <line num="114" count="2" type="stmt"/>
          <line num="120" count="1" type="stmt"/>
          <line num="121" count="1" type="stmt"/>
          <line num="125" count="1" type="stmt"/>
          <line num="134" count="1" type="stmt"/>
          <line num="139" count="1" type="stmt"/>
        </file>
      </package>
      <package name="pumpUp.src.reducers">
        <metrics statements="22" coveredstatements="22" conditionals="17" coveredconditionals="17" methods="14" coveredmethods="14"/>
        <file name="feed.js" path="/home/universalmind/Documents/pump_up/pumpUp/src/reducers/feed.js">
          <metrics statements="6" coveredstatements="6" conditionals="5" coveredconditionals="5" methods="4" coveredmethods="4"/>
          <line num="4" count="2" type="stmt"/>
          <line num="12" count="10" type="stmt"/>
          <line num="13" count="1" type="stmt"/>
          <line num="18" count="1" type="stmt"/>
          <line num="23" count="2" type="stmt"/>
          <line num="30" count="10" type="cond" truecount="4" falsecount="0"/>
        </file>
        <file name="index.js" path="/home/universalmind/Documents/pump_up/pumpUp/src/reducers/index.js">
          <metrics statements="0" coveredstatements="0" conditionals="0" coveredconditionals="0" methods="0" coveredmethods="0"/>
        </file>
        <file name="photos.js" path="/home/universalmind/Documents/pump_up/pumpUp/src/reducers/photos.js">
          <metrics statements="9" coveredstatements="9" conditionals="7" coveredconditionals="7" methods="5" coveredmethods="5"/>
          <line num="4" count="2" type="stmt"/>
          <line num="5" count="2" type="stmt"/>
          <line num="6" count="2" type="stmt"/>
          <line num="17" count="12" type="stmt"/>
          <line num="18" count="2" type="stmt"/>
          <line num="22" count="1" type="stmt"/>
          <line num="27" count="2" type="stmt"/>
          <line num="32" count="1" type="stmt"/>
          <line num="38" count="12" type="cond" truecount="4" falsecount="0"/>
        </file>
        <file name="user.js" path="/home/universalmind/Documents/pump_up/pumpUp/src/reducers/user.js">
          <metrics statements="7" coveredstatements="7" conditionals="5" coveredconditionals="5" methods="5" coveredmethods="5"/>
          <line num="4" count="2" type="stmt"/>
          <line num="13" count="11" type="stmt"/>
          <line num="14" count="1" type="stmt"/>
          <line num="19" count="1" type="stmt"/>
          <line num="24" count="2" type="stmt"/>
          <line num="29" count="1" type="stmt"/>
          <line num="34" count="11" type="cond" truecount="4" falsecount="0"/>
        </file>
      </package>
      <package name="pumpUp.src.selectors">
        <metrics statements="4" coveredstatements="3" conditionals="0" coveredconditionals="0" methods="3" coveredmethods="0"/>
        <file name="photos.js" path="/home/universalmind/Documents/pump_up/pumpUp/src/selectors/photos.js">
          <metrics statements="4" coveredstatements="3" conditionals="0" coveredconditionals="0" methods="3" coveredmethods="0"/>
          <line num="4" count="1" type="stmt"/>
          <line num="5" count="1" type="stmt"/>
          <line num="8" count="1" type="stmt"/>
          <line num="10" count="0" type="stmt"/>
        </file>
      </package>
    </metrics>
  </project>
</coverage>
