{"/home/universalmind/Documents/pump_up/pumpUp/App.js": {"path":"/home/universalmind/Documents/pump_up/pumpUp/App.js","statementMap":{"0":{"start":{"line":15,"column":19},"end":{"line":15,"column":26}},"1":{"start":{"line":16,"column":19},"end":{"line":18,"column":27}},"2":{"start":{"line":22,"column":2},"end":{"line":26,"column":3}}},"fnMap":{"0":{"name":"Main","decl":{"start":{"line":21,"column":9},"end":{"line":21,"column":13}},"loc":{"start":{"line":21,"column":16},"end":{"line":27,"column":1}},"line":21}},"branchMap":{},"s":{"0":1,"1":1,"2":1},"f":{"0":1},"b":{},"_coverageSchema":"332fd63041d2c1bcb487cc26dd0d5f7d97098a6c","hash":"d7d729451e8422a23c04c21fcb270ffc38fed32a"}
,"/home/universalmind/Documents/pump_up/pumpUp/src/index.js": {"path":"/home/universalmind/Documents/pump_up/pumpUp/src/index.js","statementMap":{"0":{"start":{"line":12,"column":2},"end":{"line":22,"column":3}}},"fnMap":{"0":{"name":"App","decl":{"start":{"line":11,"column":9},"end":{"line":11,"column":12}},"loc":{"start":{"line":11,"column":15},"end":{"line":23,"column":1}},"line":11}},"branchMap":{},"s":{"0":1},"f":{"0":1},"b":{},"_coverageSchema":"332fd63041d2c1bcb487cc26dd0d5f7d97098a6c","hash":"b37e7ad0634c3c969f3d082a19f9f2a9d05a69c3"}
,"/home/universalmind/Documents/pump_up/pumpUp/src/utils.js": {"path":"/home/universalmind/Documents/pump_up/pumpUp/src/utils.js","statementMap":{"0":{"start":{"line":2,"column":2},"end":{"line":5,"column":56}}},"fnMap":{"0":{"name":"splitIntoSubArrays","decl":{"start":{"line":1,"column":16},"end":{"line":1,"column":34}},"loc":{"start":{"line":1,"column":46},"end":{"line":6,"column":1}},"line":1}},"branchMap":{"0":{"loc":{"start":{"line":2,"column":9},"end":{"line":5,"column":56}},"type":"cond-expr","locations":[{"start":{"line":3,"column":6},"end":{"line":3,"column":8}},{"start":{"line":4,"column":6},"end":{"line":5,"column":56}}],"line":2}},"s":{"0":19},"f":{"0":19},"b":{"0":[2,17]},"_coverageSchema":"332fd63041d2c1bcb487cc26dd0d5f7d97098a6c","hash":"3385e345049241e85b4c54b9d43204a9f6c5f2f4"}
,"/home/universalmind/Documents/pump_up/pumpUp/src/actions/feed.js": {"path":"/home/universalmind/Documents/pump_up/pumpUp/src/actions/feed.js","statementMap":{"0":{"start":{"line":11,"column":2},"end":{"line":11,"column":31}},"1":{"start":{"line":12,"column":2},"end":{"line":26,"column":3}},"2":{"start":{"line":13,"column":4},"end":{"line":25,"column":5}},"3":{"start":{"line":14,"column":22},"end":{"line":14,"column":47}},"4":{"start":{"line":15,"column":6},"end":{"line":21,"column":7}},"5":{"start":{"line":16,"column":8},"end":{"line":20,"column":10}},"6":{"start":{"line":22,"column":6},"end":{"line":22,"column":40}},"7":{"start":{"line":24,"column":6},"end":{"line":24,"column":49}}},"fnMap":{"0":{"name":"fetchFeed","decl":{"start":{"line":9,"column":16},"end":{"line":9,"column":25}},"loc":{"start":{"line":9,"column":36},"end":{"line":27,"column":1}},"line":9},"1":{"name":"(anonymous_1)","decl":{"start":{"line":12,"column":9},"end":{"line":12,"column":10}},"loc":{"start":{"line":12,"column":27},"end":{"line":26,"column":3}},"line":12}},"branchMap":{"0":{"loc":{"start":{"line":15,"column":6},"end":{"line":21,"column":7}},"type":"if","locations":[{"start":{"line":15,"column":6},"end":{"line":21,"column":7}},{"start":{"line":15,"column":6},"end":{"line":21,"column":7}}],"line":15}},"s":{"0":3,"1":3,"2":3,"3":3,"4":2,"5":1,"6":1,"7":1},"f":{"0":3,"1":3},"b":{"0":[1,1]},"_coverageSchema":"332fd63041d2c1bcb487cc26dd0d5f7d97098a6c","hash":"9fc495329e4e8fb31a495598be6064c19656911f"}
,"/home/universalmind/Documents/pump_up/pumpUp/src/actions/photos.js": {"path":"/home/universalmind/Documents/pump_up/pumpUp/src/actions/photos.js","statementMap":{"0":{"start":{"line":9,"column":2},"end":{"line":12,"column":3}},"1":{"start":{"line":21,"column":2},"end":{"line":21,"column":32}},"2":{"start":{"line":23,"column":2},"end":{"line":37,"column":3}},"3":{"start":{"line":24,"column":4},"end":{"line":36,"column":5}},"4":{"start":{"line":25,"column":22},"end":{"line":25,"column":44}},"5":{"start":{"line":26,"column":6},"end":{"line":32,"column":7}},"6":{"start":{"line":27,"column":8},"end":{"line":31,"column":10}},"7":{"start":{"line":33,"column":6},"end":{"line":33,"column":40}},"8":{"start":{"line":35,"column":6},"end":{"line":35,"column":50}}},"fnMap":{"0":{"name":"updateIndex","decl":{"start":{"line":8,"column":16},"end":{"line":8,"column":27}},"loc":{"start":{"line":8,"column":35},"end":{"line":13,"column":1}},"line":8},"1":{"name":"fetchPhotos","decl":{"start":{"line":19,"column":16},"end":{"line":19,"column":27}},"loc":{"start":{"line":19,"column":38},"end":{"line":38,"column":1}},"line":19},"2":{"name":"(anonymous_2)","decl":{"start":{"line":23,"column":9},"end":{"line":23,"column":10}},"loc":{"start":{"line":23,"column":27},"end":{"line":37,"column":3}},"line":23}},"branchMap":{"0":{"loc":{"start":{"line":26,"column":6},"end":{"line":32,"column":7}},"type":"if","locations":[{"start":{"line":26,"column":6},"end":{"line":32,"column":7}},{"start":{"line":26,"column":6},"end":{"line":32,"column":7}}],"line":26}},"s":{"0":2,"1":3,"2":3,"3":3,"4":3,"5":2,"6":1,"7":1,"8":1},"f":{"0":2,"1":3,"2":3},"b":{"0":[1,1]},"_coverageSchema":"332fd63041d2c1bcb487cc26dd0d5f7d97098a6c","hash":"0ed2cc32f0fb6f6b83caf40c3d8c0edaca5a2643"}
,"/home/universalmind/Documents/pump_up/pumpUp/src/actions/requests.js": {"path":"/home/universalmind/Documents/pump_up/pumpUp/src/actions/requests.js","statementMap":{"0":{"start":{"line":8,"column":2},"end":{"line":10,"column":3}},"1":{"start":{"line":15,"column":2},"end":{"line":18,"column":3}},"2":{"start":{"line":24,"column":2},"end":{"line":27,"column":3}}},"fnMap":{"0":{"name":"dataRequest","decl":{"start":{"line":7,"column":16},"end":{"line":7,"column":27}},"loc":{"start":{"line":7,"column":36},"end":{"line":11,"column":1}},"line":7},"1":{"name":"dataFailure","decl":{"start":{"line":14,"column":16},"end":{"line":14,"column":27}},"loc":{"start":{"line":14,"column":43},"end":{"line":19,"column":1}},"line":14},"2":{"name":"dataSuccess","decl":{"start":{"line":23,"column":16},"end":{"line":23,"column":27}},"loc":{"start":{"line":23,"column":44},"end":{"line":28,"column":1}},"line":23}},"branchMap":{},"s":{"0":9,"1":3,"2":3},"f":{"0":9,"1":3,"2":3},"b":{},"_coverageSchema":"332fd63041d2c1bcb487cc26dd0d5f7d97098a6c","hash":"e4ee522a054e9848474c0df2c0354b1c67ffdffe"}
,"/home/universalmind/Documents/pump_up/pumpUp/src/actions/service.js": {"path":"/home/universalmind/Documents/pump_up/pumpUp/src/actions/service.js","statementMap":{"0":{"start":{"line":3,"column":21},"end":{"line":7,"column":10}},"1":{"start":{"line":13,"column":18},"end":{"line":17,"column":4}},"2":{"start":{"line":19,"column":2},"end":{"line":19,"column":16}},"3":{"start":{"line":25,"column":18},"end":{"line":32,"column":4}},"4":{"start":{"line":34,"column":2},"end":{"line":34,"column":16}},"5":{"start":{"line":40,"column":18},"end":{"line":46,"column":4}},"6":{"start":{"line":48,"column":2},"end":{"line":48,"column":16}}},"fnMap":{"0":{"name":"getUserProfile","decl":{"start":{"line":11,"column":22},"end":{"line":11,"column":36}},"loc":{"start":{"line":11,"column":39},"end":{"line":20,"column":1}},"line":11},"1":{"name":"userFeedPhotos","decl":{"start":{"line":23,"column":22},"end":{"line":23,"column":36}},"loc":{"start":{"line":23,"column":39},"end":{"line":35,"column":1}},"line":23},"2":{"name":"popularFeedPhotos","decl":{"start":{"line":38,"column":22},"end":{"line":38,"column":39}},"loc":{"start":{"line":38,"column":42},"end":{"line":49,"column":1}},"line":38}},"branchMap":{},"s":{"0":5,"1":4,"2":3,"3":4,"4":4,"5":4,"6":4},"f":{"0":4,"1":4,"2":4},"b":{},"_coverageSchema":"332fd63041d2c1bcb487cc26dd0d5f7d97098a6c","hash":"86a5e4fd869c2578686b43bc7af8e675523ef34f"}
,"/home/universalmind/Documents/pump_up/pumpUp/src/actions/user.js": {"path":"/home/universalmind/Documents/pump_up/pumpUp/src/actions/user.js","statementMap":{"0":{"start":{"line":7,"column":2},"end":{"line":9,"column":3}},"1":{"start":{"line":18,"column":2},"end":{"line":18,"column":31}},"2":{"start":{"line":20,"column":2},"end":{"line":36,"column":3}},"3":{"start":{"line":22,"column":4},"end":{"line":35,"column":5}},"4":{"start":{"line":24,"column":22},"end":{"line":24,"column":44}},"5":{"start":{"line":25,"column":6},"end":{"line":31,"column":7}},"6":{"start":{"line":26,"column":8},"end":{"line":30,"column":10}},"7":{"start":{"line":32,"column":6},"end":{"line":32,"column":40}},"8":{"start":{"line":34,"column":6},"end":{"line":34,"column":49}}},"fnMap":{"0":{"name":"toggleBio","decl":{"start":{"line":6,"column":16},"end":{"line":6,"column":25}},"loc":{"start":{"line":6,"column":28},"end":{"line":10,"column":1}},"line":6},"1":{"name":"fetchUser","decl":{"start":{"line":16,"column":16},"end":{"line":16,"column":25}},"loc":{"start":{"line":16,"column":36},"end":{"line":37,"column":1}},"line":16},"2":{"name":"(anonymous_2)","decl":{"start":{"line":20,"column":9},"end":{"line":20,"column":10}},"loc":{"start":{"line":20,"column":27},"end":{"line":36,"column":3}},"line":20}},"branchMap":{"0":{"loc":{"start":{"line":25,"column":6},"end":{"line":31,"column":7}},"type":"if","locations":[{"start":{"line":25,"column":6},"end":{"line":31,"column":7}},{"start":{"line":25,"column":6},"end":{"line":31,"column":7}}],"line":25}},"s":{"0":2,"1":3,"2":3,"3":3,"4":3,"5":2,"6":1,"7":1,"8":1},"f":{"0":2,"1":3,"2":3},"b":{"0":[1,1]},"_coverageSchema":"332fd63041d2c1bcb487cc26dd0d5f7d97098a6c","hash":"e45281e81af2486c82117a0f451235b872dddf95"}
,"/home/universalmind/Documents/pump_up/pumpUp/src/components/GridItem.js": {"path":"/home/universalmind/Documents/pump_up/pumpUp/src/components/GridItem.js","statementMap":{"0":{"start":{"line":12,"column":18},"end":{"line":12,"column":42}},"1":{"start":{"line":13,"column":18},"end":{"line":13,"column":31}},"2":{"start":{"line":18,"column":22},"end":{"line":18,"column":67}},"3":{"start":{"line":19,"column":22},"end":{"line":19,"column":39}},"4":{"start":{"line":21,"column":2},"end":{"line":29,"column":3}},"5":{"start":{"line":23,"column":20},"end":{"line":23,"column":42}},"6":{"start":{"line":32,"column":15},"end":{"line":36,"column":2}},"7":{"start":{"line":38,"column":0},"end":{"line":41,"column":1}}},"fnMap":{"0":{"name":"GridItem","decl":{"start":{"line":16,"column":9},"end":{"line":16,"column":17}},"loc":{"start":{"line":16,"column":38},"end":{"line":30,"column":1}},"line":16},"1":{"name":"(anonymous_1)","decl":{"start":{"line":23,"column":15},"end":{"line":23,"column":16}},"loc":{"start":{"line":23,"column":20},"end":{"line":23,"column":42}},"line":23}},"branchMap":{},"s":{"0":1,"1":1,"2":0,"3":0,"4":0,"5":0,"6":1,"7":1},"f":{"0":0,"1":0},"b":{},"_coverageSchema":"332fd63041d2c1bcb487cc26dd0d5f7d97098a6c","hash":"483c85e302253a9a28e55c428c31a2a80e833766"}
,"/home/universalmind/Documents/pump_up/pumpUp/src/components/Photo.js": {"path":"/home/universalmind/Documents/pump_up/pumpUp/src/components/Photo.js","statementMap":{"0":{"start":{"line":12,"column":18},"end":{"line":12,"column":42}},"1":{"start":{"line":15,"column":2},"end":{"line":21,"column":3}},"2":{"start":{"line":24,"column":15},"end":{"line":32,"column":2}},"3":{"start":{"line":35,"column":0},"end":{"line":37,"column":1}}},"fnMap":{"0":{"name":"Photo","decl":{"start":{"line":14,"column":9},"end":{"line":14,"column":14}},"loc":{"start":{"line":14,"column":24},"end":{"line":22,"column":1}},"line":14}},"branchMap":{},"s":{"0":1,"1":0,"2":1,"3":1},"f":{"0":0},"b":{},"_coverageSchema":"332fd63041d2c1bcb487cc26dd0d5f7d97098a6c","hash":"68b83e49f1b2298820e8e08cf6fa7e9742ccfce7"}
,"/home/universalmind/Documents/pump_up/pumpUp/src/containers/Grid.js": {"path":"/home/universalmind/Documents/pump_up/pumpUp/src/containers/Grid.js","statementMap":{"0":{"start":{"line":16,"column":23},"end":{"line":16,"column":24}},"1":{"start":{"line":27,"column":2},"end":{"line":30,"column":3}},"2":{"start":{"line":28,"column":4},"end":{"line":28,"column":13}},"3":{"start":{"line":29,"column":4},"end":{"line":29,"column":31}},"4":{"start":{"line":31,"column":2},"end":{"line":33,"column":3}},"5":{"start":{"line":32,"column":4},"end":{"line":32,"column":31}},"6":{"start":{"line":35,"column":17},"end":{"line":35,"column":34}},"7":{"start":{"line":36,"column":20},"end":{"line":36,"column":62}},"8":{"start":{"line":38,"column":2},"end":{"line":42,"column":3}},"9":{"start":{"line":47,"column":2},"end":{"line":52,"column":3}},"10":{"start":{"line":57,"column":2},"end":{"line":62,"column":3}},"11":{"start":{"line":66,"column":2},"end":{"line":68,"column":3}},"12":{"start":{"line":72,"column":2},"end":{"line":74,"column":3}},"13":{"start":{"line":73,"column":19},"end":{"line":73,"column":48}},"14":{"start":{"line":78,"column":15},"end":{"line":83,"column":2}},"15":{"start":{"line":85,"column":0},"end":{"line":88,"column":1}}},"fnMap":{"0":{"name":"Grid","decl":{"start":{"line":18,"column":9},"end":{"line":18,"column":13}},"loc":{"start":{"line":26,"column":0},"end":{"line":43,"column":1}},"line":26},"1":{"name":"gridPhoto","decl":{"start":{"line":46,"column":9},"end":{"line":46,"column":18}},"loc":{"start":{"line":46,"column":25},"end":{"line":53,"column":1}},"line":46},"2":{"name":"gridRow","decl":{"start":{"line":56,"column":9},"end":{"line":56,"column":16}},"loc":{"start":{"line":56,"column":25},"end":{"line":63,"column":1}},"line":56},"3":{"name":"mapState","decl":{"start":{"line":65,"column":9},"end":{"line":65,"column":17}},"loc":{"start":{"line":65,"column":26},"end":{"line":69,"column":1}},"line":65},"4":{"name":"mapDispatch","decl":{"start":{"line":71,"column":9},"end":{"line":71,"column":20}},"loc":{"start":{"line":71,"column":31},"end":{"line":75,"column":1}},"line":71},"5":{"name":"(anonymous_5)","decl":{"start":{"line":73,"column":13},"end":{"line":73,"column":14}},"loc":{"start":{"line":73,"column":19},"end":{"line":73,"column":48}},"line":73}},"branchMap":{"0":{"loc":{"start":{"line":27,"column":2},"end":{"line":30,"column":3}},"type":"if","locations":[{"start":{"line":27,"column":2},"end":{"line":30,"column":3}},{"start":{"line":27,"column":2},"end":{"line":30,"column":3}}],"line":27},"1":{"loc":{"start":{"line":31,"column":2},"end":{"line":33,"column":3}},"type":"if","locations":[{"start":{"line":31,"column":2},"end":{"line":33,"column":3}},{"start":{"line":31,"column":2},"end":{"line":33,"column":3}}],"line":31}},"s":{"0":1,"1":2,"2":1,"3":1,"4":1,"5":1,"6":0,"7":0,"8":0,"9":0,"10":0,"11":2,"12":1,"13":1,"14":1,"15":1},"f":{"0":2,"1":0,"2":0,"3":2,"4":1,"5":1},"b":{"0":[1,1],"1":[1,0]},"_coverageSchema":"332fd63041d2c1bcb487cc26dd0d5f7d97098a6c","hash":"e9f7db1fb969f3f090ddbaf956b58a62c150cb37"}
,"/home/universalmind/Documents/pump_up/pumpUp/src/containers/Header.js": {"path":"/home/universalmind/Documents/pump_up/pumpUp/src/containers/Header.js","statementMap":{"0":{"start":{"line":16,"column":24},"end":{"line":16,"column":48}},"1":{"start":{"line":34,"column":2},"end":{"line":36,"column":3}},"2":{"start":{"line":35,"column":4},"end":{"line":35,"column":20}},"3":{"start":{"line":37,"column":2},"end":{"line":43,"column":3}},"4":{"start":{"line":38,"column":4},"end":{"line":42,"column":5}},"5":{"start":{"line":44,"column":2},"end":{"line":61,"column":3}},"6":{"start":{"line":65,"column":2},"end":{"line":67,"column":3}},"7":{"start":{"line":71,"column":2},"end":{"line":74,"column":3}},"8":{"start":{"line":72,"column":21},"end":{"line":72,"column":42}},"9":{"start":{"line":73,"column":26},"end":{"line":73,"column":55}},"10":{"start":{"line":78,"column":25},"end":{"line":78,"column":38}},"11":{"start":{"line":79,"column":15},"end":{"line":114,"column":2}},"12":{"start":{"line":116,"column":0},"end":{"line":120,"column":1}}},"fnMap":{"0":{"name":"Header","decl":{"start":{"line":18,"column":9},"end":{"line":18,"column":15}},"loc":{"start":{"line":33,"column":0},"end":{"line":62,"column":1}},"line":33},"1":{"name":"mapState","decl":{"start":{"line":64,"column":9},"end":{"line":64,"column":17}},"loc":{"start":{"line":64,"column":25},"end":{"line":68,"column":1}},"line":64},"2":{"name":"mapDispatch","decl":{"start":{"line":70,"column":9},"end":{"line":70,"column":20}},"loc":{"start":{"line":70,"column":31},"end":{"line":75,"column":1}},"line":70},"3":{"name":"(anonymous_3)","decl":{"start":{"line":72,"column":15},"end":{"line":72,"column":16}},"loc":{"start":{"line":72,"column":21},"end":{"line":72,"column":42}},"line":72},"4":{"name":"(anonymous_4)","decl":{"start":{"line":73,"column":20},"end":{"line":73,"column":21}},"loc":{"start":{"line":73,"column":26},"end":{"line":73,"column":55}},"line":73}},"branchMap":{"0":{"loc":{"start":{"line":34,"column":2},"end":{"line":36,"column":3}},"type":"if","locations":[{"start":{"line":34,"column":2},"end":{"line":36,"column":3}},{"start":{"line":34,"column":2},"end":{"line":36,"column":3}}],"line":34},"1":{"loc":{"start":{"line":37,"column":2},"end":{"line":43,"column":3}},"type":"if","locations":[{"start":{"line":37,"column":2},"end":{"line":43,"column":3}},{"start":{"line":37,"column":2},"end":{"line":43,"column":3}}],"line":37},"2":{"loc":{"start":{"line":47,"column":44},"end":{"line":47,"column":77}},"type":"cond-expr","locations":[{"start":{"line":47,"column":56},"end":{"line":47,"column":62}},{"start":{"line":47,"column":65},"end":{"line":47,"column":77}}],"line":47},"3":{"loc":{"start":{"line":53,"column":21},"end":{"line":55,"column":21}},"type":"cond-expr","locations":[{"start":{"line":54,"column":18},"end":{"line":54,"column":44}},{"start":{"line":55,"column":18},"end":{"line":55,"column":21}}],"line":53},"4":{"loc":{"start":{"line":55,"column":32},"end":{"line":55,"column":59}},"type":"cond-expr","locations":[{"start":{"line":55,"column":44},"end":{"line":55,"column":50}},{"start":{"line":55,"column":53},"end":{"line":55,"column":59}}],"line":55}},"s":{"0":1,"1":2,"2":1,"3":2,"4":2,"5":0,"6":2,"7":1,"8":0,"9":1,"10":1,"11":1,"12":1},"f":{"0":2,"1":2,"2":1,"3":0,"4":1},"b":{"0":[1,1],"1":[2,0],"2":[0,0],"3":[0,0],"4":[0,0]},"_coverageSchema":"332fd63041d2c1bcb487cc26dd0d5f7d97098a6c","hash":"563040a29fcc2770a523fcae0bb8b3a16f067581"}
,"/home/universalmind/Documents/pump_up/pumpUp/src/containers/NavDots.js": {"path":"/home/universalmind/Documents/pump_up/pumpUp/src/containers/NavDots.js","statementMap":{"0":{"start":{"line":24,"column":2},"end":{"line":42,"column":3}},"1":{"start":{"line":27,"column":24},"end":{"line":31,"column":10}},"2":{"start":{"line":32,"column":8},"end":{"line":39,"column":9}},"3":{"start":{"line":33,"column":43},"end":{"line":33,"column":57}},"4":{"start":{"line":46,"column":15},"end":{"line":54,"column":2}},"5":{"start":{"line":57,"column":2},"end":{"line":62,"column":3}},"6":{"start":{"line":65,"column":2},"end":{"line":67,"column":3}},"7":{"start":{"line":66,"column":26},"end":{"line":66,"column":52}},"8":{"start":{"line":70,"column":0},"end":{"line":77,"column":1}}},"fnMap":{"0":{"name":"NavDots","decl":{"start":{"line":16,"column":9},"end":{"line":16,"column":16}},"loc":{"start":{"line":23,"column":3},"end":{"line":43,"column":1}},"line":23},"1":{"name":"(anonymous_1)","decl":{"start":{"line":26,"column":18},"end":{"line":26,"column":19}},"loc":{"start":{"line":26,"column":28},"end":{"line":40,"column":7}},"line":26},"2":{"name":"(anonymous_2)","decl":{"start":{"line":33,"column":37},"end":{"line":33,"column":38}},"loc":{"start":{"line":33,"column":43},"end":{"line":33,"column":57}},"line":33},"3":{"name":"mapState","decl":{"start":{"line":56,"column":9},"end":{"line":56,"column":17}},"loc":{"start":{"line":56,"column":28},"end":{"line":63,"column":1}},"line":56},"4":{"name":"mapDispatch","decl":{"start":{"line":64,"column":9},"end":{"line":64,"column":20}},"loc":{"start":{"line":64,"column":30},"end":{"line":68,"column":1}},"line":64},"5":{"name":"(anonymous_5)","decl":{"start":{"line":66,"column":17},"end":{"line":66,"column":18}},"loc":{"start":{"line":66,"column":26},"end":{"line":66,"column":52}},"line":66}},"branchMap":{},"s":{"0":0,"1":0,"2":0,"3":0,"4":1,"5":0,"6":0,"7":0,"8":1},"f":{"0":0,"1":0,"2":0,"3":0,"4":0,"5":0},"b":{},"_coverageSchema":"332fd63041d2c1bcb487cc26dd0d5f7d97098a6c","hash":"79b42c798d4264dcb711bb41365912eee44f5233"}
,"/home/universalmind/Documents/pump_up/pumpUp/src/containers/Swiper.js": {"path":"/home/universalmind/Documents/pump_up/pumpUp/src/containers/Swiper.js","statementMap":{"0":{"start":{"line":18,"column":18},"end":{"line":18,"column":42}},"1":{"start":{"line":23,"column":2},"end":{"line":27,"column":3}},"2":{"start":{"line":33,"column":4},"end":{"line":33,"column":16}},"3":{"start":{"line":45,"column":8},"end":{"line":45,"column":18}},"4":{"start":{"line":47,"column":4},"end":{"line":53,"column":5}},"5":{"start":{"line":49,"column":6},"end":{"line":52,"column":8}},"6":{"start":{"line":63,"column":8},"end":{"line":63,"column":18}},"7":{"start":{"line":65,"column":4},"end":{"line":67,"column":5}},"8":{"start":{"line":66,"column":6},"end":{"line":66,"column":17}},"9":{"start":{"line":69,"column":4},"end":{"line":71,"column":5}},"10":{"start":{"line":70,"column":6},"end":{"line":70,"column":32}},"11":{"start":{"line":78,"column":8},"end":{"line":78,"column":18}},"12":{"start":{"line":80,"column":4},"end":{"line":107,"column":5}},"13":{"start":{"line":83,"column":23},"end":{"line":83,"column":43}},"14":{"start":{"line":86,"column":12},"end":{"line":90,"column":13}},"15":{"start":{"line":99,"column":32},"end":{"line":99,"column":45}},"16":{"start":{"line":114,"column":2},"end":{"line":116,"column":3}},"17":{"start":{"line":120,"column":2},"end":{"line":122,"column":3}},"18":{"start":{"line":121,"column":21},"end":{"line":121,"column":52}},"19":{"start":{"line":125,"column":15},"end":{"line":132,"column":2}},"20":{"start":{"line":134,"column":0},"end":{"line":137,"column":1}},"21":{"start":{"line":139,"column":0},"end":{"line":141,"column":1}}},"fnMap":{"0":{"name":"photoRender","decl":{"start":{"line":22,"column":9},"end":{"line":22,"column":20}},"loc":{"start":{"line":22,"column":29},"end":{"line":28,"column":1}},"line":22},"1":{"name":"(anonymous_1)","decl":{"start":{"line":32,"column":2},"end":{"line":32,"column":3}},"loc":{"start":{"line":32,"column":21},"end":{"line":34,"column":3}},"line":32},"2":{"name":"(anonymous_2)","decl":{"start":{"line":40,"column":2},"end":{"line":40,"column":3}},"loc":{"start":{"line":40,"column":23},"end":{"line":54,"column":3}},"line":40},"3":{"name":"(anonymous_3)","decl":{"start":{"line":56,"column":2},"end":{"line":56,"column":3}},"loc":{"start":{"line":56,"column":12},"end":{"line":109,"column":3}},"line":56},"4":{"name":"(anonymous_4)","decl":{"start":{"line":83,"column":15},"end":{"line":83,"column":16}},"loc":{"start":{"line":83,"column":22},"end":{"line":83,"column":44}},"line":83},"5":{"name":"(anonymous_5)","decl":{"start":{"line":85,"column":25},"end":{"line":85,"column":26}},"loc":{"start":{"line":86,"column":12},"end":{"line":90,"column":13}},"line":86},"6":{"name":"(anonymous_6)","decl":{"start":{"line":99,"column":24},"end":{"line":99,"column":25}},"loc":{"start":{"line":99,"column":32},"end":{"line":99,"column":45}},"line":99},"7":{"name":"mapState","decl":{"start":{"line":113,"column":9},"end":{"line":113,"column":17}},"loc":{"start":{"line":113,"column":28},"end":{"line":117,"column":1}},"line":113},"8":{"name":"mapDispatch","decl":{"start":{"line":119,"column":9},"end":{"line":119,"column":20}},"loc":{"start":{"line":119,"column":31},"end":{"line":123,"column":1}},"line":119},"9":{"name":"(anonymous_9)","decl":{"start":{"line":121,"column":15},"end":{"line":121,"column":16}},"loc":{"start":{"line":121,"column":21},"end":{"line":121,"column":52}},"line":121}},"branchMap":{"0":{"loc":{"start":{"line":47,"column":4},"end":{"line":53,"column":5}},"type":"if","locations":[{"start":{"line":47,"column":4},"end":{"line":53,"column":5}},{"start":{"line":47,"column":4},"end":{"line":53,"column":5}}],"line":47},"1":{"loc":{"start":{"line":65,"column":4},"end":{"line":67,"column":5}},"type":"if","locations":[{"start":{"line":65,"column":4},"end":{"line":67,"column":5}},{"start":{"line":65,"column":4},"end":{"line":67,"column":5}}],"line":65},"2":{"loc":{"start":{"line":69,"column":4},"end":{"line":71,"column":5}},"type":"if","locations":[{"start":{"line":69,"column":4},"end":{"line":71,"column":5}},{"start":{"line":69,"column":4},"end":{"line":71,"column":5}}],"line":69}},"s":{"0":1,"1":0,"2":1,"3":1,"4":1,"5":0,"6":2,"7":2,"8":1,"9":2,"10":2,"11":0,"12":0,"13":0,"14":0,"15":0,"16":2,"17":1,"18":1,"19":1,"20":1,"21":1},"f":{"0":0,"1":1,"2":1,"3":2,"4":0,"5":0,"6":0,"7":2,"8":1,"9":1},"b":{"0":[0,1],"1":[1,1],"2":[2,0]},"_coverageSchema":"332fd63041d2c1bcb487cc26dd0d5f7d97098a6c","hash":"ca0db9c6ae67ba5d3d364c7ac5990958da954a2a"}
,"/home/universalmind/Documents/pump_up/pumpUp/src/reducers/feed.js": {"path":"/home/universalmind/Documents/pump_up/pumpUp/src/reducers/feed.js","statementMap":{"0":{"start":{"line":4,"column":19},"end":{"line":8,"column":1}},"1":{"start":{"line":12,"column":19},"end":{"line":28,"column":3}},"2":{"start":{"line":13,"column":27},"end":{"line":17,"column":5}},"3":{"start":{"line":18,"column":38},"end":{"line":22,"column":5}},"4":{"start":{"line":23,"column":31},"end":{"line":27,"column":5}},"5":{"start":{"line":30,"column":2},"end":{"line":30,"column":74}}},"fnMap":{"0":{"name":"FeedReducer","decl":{"start":{"line":11,"column":9},"end":{"line":11,"column":20}},"loc":{"start":{"line":11,"column":47},"end":{"line":31,"column":1}},"line":11},"1":{"name":"(anonymous_1)","decl":{"start":{"line":13,"column":20},"end":{"line":13,"column":21}},"loc":{"start":{"line":13,"column":27},"end":{"line":17,"column":5}},"line":13},"2":{"name":"(anonymous_2)","decl":{"start":{"line":18,"column":31},"end":{"line":18,"column":32}},"loc":{"start":{"line":18,"column":38},"end":{"line":22,"column":5}},"line":18},"3":{"name":"(anonymous_3)","decl":{"start":{"line":23,"column":24},"end":{"line":23,"column":25}},"loc":{"start":{"line":23,"column":31},"end":{"line":27,"column":5}},"line":23}},"branchMap":{"0":{"loc":{"start":{"line":11,"column":21},"end":{"line":11,"column":37}},"type":"default-arg","locations":[{"start":{"line":11,"column":27},"end":{"line":11,"column":37}}],"line":11},"1":{"loc":{"start":{"line":30,"column":9},"end":{"line":30,"column":74}},"type":"cond-expr","locations":[{"start":{"line":30,"column":43},"end":{"line":30,"column":66}},{"start":{"line":30,"column":69},"end":{"line":30,"column":74}}],"line":30},"2":{"loc":{"start":{"line":30,"column":9},"end":{"line":30,"column":40}},"type":"binary-expr","locations":[{"start":{"line":30,"column":9},"end":{"line":30,"column":15}},{"start":{"line":30,"column":19},"end":{"line":30,"column":40}}],"line":30}},"s":{"0":2,"1":10,"2":1,"3":1,"4":2,"5":10},"f":{"0":10,"1":1,"2":1,"3":2},"b":{"0":[7],"1":[4,6],"2":[10,9]},"_coverageSchema":"332fd63041d2c1bcb487cc26dd0d5f7d97098a6c","hash":"a91ff422669b3a6d1c66f129df58e49d65fd1bf4"}
,"/home/universalmind/Documents/pump_up/pumpUp/src/reducers/index.js": {"path":"/home/universalmind/Documents/pump_up/pumpUp/src/reducers/index.js","statementMap":{},"fnMap":{},"branchMap":{},"s":{},"f":{},"b":{},"_coverageSchema":"332fd63041d2c1bcb487cc26dd0d5f7d97098a6c","hash":"1af4c2b414f700c674faea07ca1036ca9715f2ac"}
,"/home/universalmind/Documents/pump_up/pumpUp/src/reducers/photos.js": {"path":"/home/universalmind/Documents/pump_up/pumpUp/src/reducers/photos.js","statementMap":{"0":{"start":{"line":4,"column":20},"end":{"line":4,"column":44}},"1":{"start":{"line":5,"column":20},"end":{"line":5,"column":41}},"2":{"start":{"line":6,"column":20},"end":{"line":13,"column":1}},"3":{"start":{"line":17,"column":19},"end":{"line":37,"column":3}},"4":{"start":{"line":18,"column":27},"end":{"line":21,"column":5}},"5":{"start":{"line":22,"column":28},"end":{"line":26,"column":5}},"6":{"start":{"line":27,"column":32},"end":{"line":31,"column":5}},"7":{"start":{"line":32,"column":39},"end":{"line":36,"column":5}},"8":{"start":{"line":38,"column":2},"end":{"line":38,"column":74}}},"fnMap":{"0":{"name":"PhotoReducer","decl":{"start":{"line":16,"column":9},"end":{"line":16,"column":21}},"loc":{"start":{"line":16,"column":49},"end":{"line":39,"column":1}},"line":16},"1":{"name":"(anonymous_1)","decl":{"start":{"line":18,"column":20},"end":{"line":18,"column":21}},"loc":{"start":{"line":18,"column":27},"end":{"line":21,"column":5}},"line":18},"2":{"name":"(anonymous_2)","decl":{"start":{"line":22,"column":21},"end":{"line":22,"column":22}},"loc":{"start":{"line":22,"column":28},"end":{"line":26,"column":5}},"line":22},"3":{"name":"(anonymous_3)","decl":{"start":{"line":27,"column":25},"end":{"line":27,"column":26}},"loc":{"start":{"line":27,"column":32},"end":{"line":31,"column":5}},"line":27},"4":{"name":"(anonymous_4)","decl":{"start":{"line":32,"column":32},"end":{"line":32,"column":33}},"loc":{"start":{"line":32,"column":39},"end":{"line":36,"column":5}},"line":32}},"branchMap":{"0":{"loc":{"start":{"line":16,"column":22},"end":{"line":16,"column":39}},"type":"default-arg","locations":[{"start":{"line":16,"column":28},"end":{"line":16,"column":39}}],"line":16},"1":{"loc":{"start":{"line":20,"column":13},"end":{"line":20,"column":75}},"type":"cond-expr","locations":[{"start":{"line":20,"column":49},"end":{"line":20,"column":61}},{"start":{"line":20,"column":64},"end":{"line":20,"column":75}}],"line":20},"2":{"loc":{"start":{"line":38,"column":9},"end":{"line":38,"column":74}},"type":"cond-expr","locations":[{"start":{"line":38,"column":43},"end":{"line":38,"column":66}},{"start":{"line":38,"column":69},"end":{"line":38,"column":74}}],"line":38},"3":{"loc":{"start":{"line":38,"column":9},"end":{"line":38,"column":40}},"type":"binary-expr","locations":[{"start":{"line":38,"column":9},"end":{"line":38,"column":15}},{"start":{"line":38,"column":19},"end":{"line":38,"column":40}}],"line":38}},"s":{"0":2,"1":2,"2":2,"3":12,"4":2,"5":1,"6":2,"7":1,"8":12},"f":{"0":12,"1":2,"2":1,"3":2,"4":1},"b":{"0":[9],"1":[1,1],"2":[6,6],"3":[12,11]},"_coverageSchema":"332fd63041d2c1bcb487cc26dd0d5f7d97098a6c","hash":"d0f261b1bd4253a085f11e0be9c20873e62eff9c"}
,"/home/universalmind/Documents/pump_up/pumpUp/src/reducers/user.js": {"path":"/home/universalmind/Documents/pump_up/pumpUp/src/reducers/user.js","statementMap":{"0":{"start":{"line":4,"column":18},"end":{"line":9,"column":1}},"1":{"start":{"line":13,"column":19},"end":{"line":33,"column":3}},"2":{"start":{"line":14,"column":27},"end":{"line":18,"column":5}},"3":{"start":{"line":19,"column":38},"end":{"line":23,"column":5}},"4":{"start":{"line":24,"column":31},"end":{"line":28,"column":5}},"5":{"start":{"line":29,"column":25},"end":{"line":32,"column":5}},"6":{"start":{"line":34,"column":2},"end":{"line":34,"column":74}}},"fnMap":{"0":{"name":"UserReducer","decl":{"start":{"line":12,"column":9},"end":{"line":12,"column":20}},"loc":{"start":{"line":12,"column":46},"end":{"line":35,"column":1}},"line":12},"1":{"name":"(anonymous_1)","decl":{"start":{"line":14,"column":20},"end":{"line":14,"column":21}},"loc":{"start":{"line":14,"column":27},"end":{"line":18,"column":5}},"line":14},"2":{"name":"(anonymous_2)","decl":{"start":{"line":19,"column":31},"end":{"line":19,"column":32}},"loc":{"start":{"line":19,"column":38},"end":{"line":23,"column":5}},"line":19},"3":{"name":"(anonymous_3)","decl":{"start":{"line":24,"column":24},"end":{"line":24,"column":25}},"loc":{"start":{"line":24,"column":31},"end":{"line":28,"column":5}},"line":24},"4":{"name":"(anonymous_4)","decl":{"start":{"line":29,"column":18},"end":{"line":29,"column":19}},"loc":{"start":{"line":29,"column":25},"end":{"line":32,"column":5}},"line":29}},"branchMap":{"0":{"loc":{"start":{"line":12,"column":21},"end":{"line":12,"column":36}},"type":"default-arg","locations":[{"start":{"line":12,"column":27},"end":{"line":12,"column":36}}],"line":12},"1":{"loc":{"start":{"line":34,"column":9},"end":{"line":34,"column":74}},"type":"cond-expr","locations":[{"start":{"line":34,"column":43},"end":{"line":34,"column":66}},{"start":{"line":34,"column":69},"end":{"line":34,"column":74}}],"line":34},"2":{"loc":{"start":{"line":34,"column":9},"end":{"line":34,"column":40}},"type":"binary-expr","locations":[{"start":{"line":34,"column":9},"end":{"line":34,"column":15}},{"start":{"line":34,"column":19},"end":{"line":34,"column":40}}],"line":34}},"s":{"0":2,"1":11,"2":1,"3":1,"4":2,"5":1,"6":11},"f":{"0":11,"1":1,"2":1,"3":2,"4":1},"b":{"0":[8],"1":[5,6],"2":[11,10]},"_coverageSchema":"332fd63041d2c1bcb487cc26dd0d5f7d97098a6c","hash":"b7bf7b92bbc76b9da7ff22c37ae0f8a7b249ab04"}
,"/home/universalmind/Documents/pump_up/pumpUp/src/selectors/photos.js": {"path":"/home/universalmind/Documents/pump_up/pumpUp/src/selectors/photos.js","statementMap":{"0":{"start":{"line":4,"column":22},"end":{"line":4,"column":42}},"1":{"start":{"line":4,"column":31},"end":{"line":4,"column":42}},"2":{"start":{"line":5,"column":22},"end":{"line":5,"column":42}},"3":{"start":{"line":5,"column":31},"end":{"line":5,"column":42}},"4":{"start":{"line":8,"column":28},"end":{"line":11,"column":1}},"5":{"start":{"line":10,"column":20},"end":{"line":10,"column":33}}},"fnMap":{"0":{"name":"(anonymous_0)","decl":{"start":{"line":4,"column":22},"end":{"line":4,"column":23}},"loc":{"start":{"line":4,"column":31},"end":{"line":4,"column":42}},"line":4},"1":{"name":"(anonymous_1)","decl":{"start":{"line":5,"column":22},"end":{"line":5,"column":23}},"loc":{"start":{"line":5,"column":31},"end":{"line":5,"column":42}},"line":5},"2":{"name":"(anonymous_2)","decl":{"start":{"line":10,"column":2},"end":{"line":10,"column":3}},"loc":{"start":{"line":10,"column":20},"end":{"line":10,"column":33}},"line":10}},"branchMap":{},"s":{"0":1,"1":0,"2":1,"3":0,"4":1,"5":0},"f":{"0":0,"1":0,"2":0},"b":{},"_coverageSchema":"332fd63041d2c1bcb487cc26dd0d5f7d97098a6c","hash":"9a955e614cf48b32abb579cab88f0416194f5ea6"}
}
