{"/home/universalmind/Documents/pump_up/pumpUp/App.js": {"path":"/home/universalmind/Documents/pump_up/pumpUp/App.js","statementMap":{"0":{"start":{"line":16,"column":19},"end":{"line":16,"column":26}},"1":{"start":{"line":17,"column":19},"end":{"line":19,"column":27}},"2":{"start":{"line":23,"column":2},"end":{"line":27,"column":3}}},"fnMap":{"0":{"name":"Main","decl":{"start":{"line":22,"column":9},"end":{"line":22,"column":13}},"loc":{"start":{"line":22,"column":16},"end":{"line":28,"column":1}},"line":22}},"branchMap":{},"s":{"0":1,"1":1,"2":1},"f":{"0":1},"b":{},"_coverageSchema":"332fd63041d2c1bcb487cc26dd0d5f7d97098a6c","hash":"d281c2517d661392c991e876e98812925ed9bb84"}
,"/home/universalmind/Documents/pump_up/pumpUp/src/index.js": {"path":"/home/universalmind/Documents/pump_up/pumpUp/src/index.js","statementMap":{"0":{"start":{"line":12,"column":2},"end":{"line":22,"column":3}}},"fnMap":{"0":{"name":"App","decl":{"start":{"line":11,"column":9},"end":{"line":11,"column":12}},"loc":{"start":{"line":11,"column":15},"end":{"line":23,"column":1}},"line":11}},"branchMap":{},"s":{"0":1},"f":{"0":1},"b":{},"_coverageSchema":"332fd63041d2c1bcb487cc26dd0d5f7d97098a6c","hash":"b37e7ad0634c3c969f3d082a19f9f2a9d05a69c3"}
,"/home/universalmind/Documents/pump_up/pumpUp/src/utils.js": {"path":"/home/universalmind/Documents/pump_up/pumpUp/src/utils.js","statementMap":{"0":{"start":{"line":2,"column":2},"end":{"line":4,"column":3}},"1":{"start":{"line":3,"column":4},"end":{"line":3,"column":13}},"2":{"start":{"line":5,"column":2},"end":{"line":6,"column":41}}},"fnMap":{"0":{"name":"chunk","decl":{"start":{"line":1,"column":16},"end":{"line":1,"column":21}},"loc":{"start":{"line":1,"column":33},"end":{"line":7,"column":1}},"line":1}},"branchMap":{"0":{"loc":{"start":{"line":2,"column":2},"end":{"line":4,"column":3}},"type":"if","locations":[{"start":{"line":2,"column":2},"end":{"line":4,"column":3}},{"start":{"line":2,"column":2},"end":{"line":4,"column":3}}],"line":2}},"s":{"0":19,"1":2,"2":17},"f":{"0":19},"b":{"0":[2,17]},"_coverageSchema":"332fd63041d2c1bcb487cc26dd0d5f7d97098a6c","hash":"7b6a61c17f17baf107fa2998fd0cd41252a5fee9"}
,"/home/universalmind/Documents/pump_up/pumpUp/src/actions/feed.js": {"path":"/home/universalmind/Documents/pump_up/pumpUp/src/actions/feed.js","statementMap":{"0":{"start":{"line":8,"column":2},"end":{"line":8,"column":31}},"1":{"start":{"line":9,"column":2},"end":{"line":24,"column":3}},"2":{"start":{"line":10,"column":4},"end":{"line":23,"column":5}},"3":{"start":{"line":11,"column":22},"end":{"line":11,"column":47}},"4":{"start":{"line":12,"column":6},"end":{"line":18,"column":7}},"5":{"start":{"line":13,"column":8},"end":{"line":17,"column":10}},"6":{"start":{"line":19,"column":6},"end":{"line":19,"column":40}},"7":{"start":{"line":21,"column":6},"end":{"line":21,"column":35}},"8":{"start":{"line":22,"column":6},"end":{"line":22,"column":49}}},"fnMap":{"0":{"name":"fetchFeed","decl":{"start":{"line":6,"column":16},"end":{"line":6,"column":25}},"loc":{"start":{"line":6,"column":36},"end":{"line":25,"column":1}},"line":6},"1":{"name":"(anonymous_1)","decl":{"start":{"line":9,"column":9},"end":{"line":9,"column":10}},"loc":{"start":{"line":9,"column":27},"end":{"line":24,"column":3}},"line":9}},"branchMap":{"0":{"loc":{"start":{"line":12,"column":6},"end":{"line":18,"column":7}},"type":"if","locations":[{"start":{"line":12,"column":6},"end":{"line":18,"column":7}},{"start":{"line":12,"column":6},"end":{"line":18,"column":7}}],"line":12}},"s":{"0":3,"1":3,"2":3,"3":3,"4":3,"5":2,"6":1,"7":1,"8":1},"f":{"0":3,"1":3},"b":{"0":[2,1]},"_coverageSchema":"332fd63041d2c1bcb487cc26dd0d5f7d97098a6c","hash":"820de62fd752841ede01e15053e671c019f29a3b"}
,"/home/universalmind/Documents/pump_up/pumpUp/src/actions/photos.js": {"path":"/home/universalmind/Documents/pump_up/pumpUp/src/actions/photos.js","statementMap":{"0":{"start":{"line":5,"column":2},"end":{"line":8,"column":3}},"1":{"start":{"line":12,"column":2},"end":{"line":15,"column":3}},"2":{"start":{"line":21,"column":2},"end":{"line":21,"column":32}},"3":{"start":{"line":23,"column":2},"end":{"line":37,"column":3}},"4":{"start":{"line":24,"column":4},"end":{"line":36,"column":5}},"5":{"start":{"line":25,"column":22},"end":{"line":25,"column":44}},"6":{"start":{"line":26,"column":6},"end":{"line":32,"column":7}},"7":{"start":{"line":27,"column":8},"end":{"line":31,"column":10}},"8":{"start":{"line":33,"column":6},"end":{"line":33,"column":40}},"9":{"start":{"line":35,"column":6},"end":{"line":35,"column":50}}},"fnMap":{"0":{"name":"updateIndex","decl":{"start":{"line":4,"column":16},"end":{"line":4,"column":27}},"loc":{"start":{"line":4,"column":35},"end":{"line":9,"column":1}},"line":4},"1":{"name":"updatePosition","decl":{"start":{"line":11,"column":16},"end":{"line":11,"column":30}},"loc":{"start":{"line":11,"column":41},"end":{"line":16,"column":1}},"line":11},"2":{"name":"fetchPhotos","decl":{"start":{"line":19,"column":16},"end":{"line":19,"column":27}},"loc":{"start":{"line":19,"column":38},"end":{"line":38,"column":1}},"line":19},"3":{"name":"(anonymous_3)","decl":{"start":{"line":23,"column":9},"end":{"line":23,"column":10}},"loc":{"start":{"line":23,"column":27},"end":{"line":37,"column":3}},"line":23}},"branchMap":{"0":{"loc":{"start":{"line":26,"column":6},"end":{"line":32,"column":7}},"type":"if","locations":[{"start":{"line":26,"column":6},"end":{"line":32,"column":7}},{"start":{"line":26,"column":6},"end":{"line":32,"column":7}}],"line":26}},"s":{"0":0,"1":0,"2":1,"3":1,"4":1,"5":1,"6":1,"7":1,"8":0,"9":1},"f":{"0":0,"1":0,"2":1,"3":1},"b":{"0":[1,0]},"_coverageSchema":"332fd63041d2c1bcb487cc26dd0d5f7d97098a6c","hash":"5cdfb746d44caea5312abc278d538efd9d91cf4f"}
,"/home/universalmind/Documents/pump_up/pumpUp/src/actions/requests.js": {"path":"/home/universalmind/Documents/pump_up/pumpUp/src/actions/requests.js","statementMap":{"0":{"start":{"line":2,"column":2},"end":{"line":4,"column":3}},"1":{"start":{"line":8,"column":2},"end":{"line":11,"column":3}},"2":{"start":{"line":15,"column":2},"end":{"line":18,"column":3}}},"fnMap":{"0":{"name":"dataRequest","decl":{"start":{"line":1,"column":16},"end":{"line":1,"column":27}},"loc":{"start":{"line":1,"column":36},"end":{"line":5,"column":1}},"line":1},"1":{"name":"dataFailure","decl":{"start":{"line":7,"column":16},"end":{"line":7,"column":27}},"loc":{"start":{"line":7,"column":43},"end":{"line":12,"column":1}},"line":7},"2":{"name":"dataSuccess","decl":{"start":{"line":14,"column":16},"end":{"line":14,"column":27}},"loc":{"start":{"line":14,"column":44},"end":{"line":19,"column":1}},"line":14}},"branchMap":{},"s":{"0":5,"1":2,"2":4},"f":{"0":5,"1":2,"2":4},"b":{},"_coverageSchema":"332fd63041d2c1bcb487cc26dd0d5f7d97098a6c","hash":"ef8b97a8760b9cd42ac39f9dd59b0d620c94202c"}
,"/home/universalmind/Documents/pump_up/pumpUp/src/actions/service.js": {"path":"/home/universalmind/Documents/pump_up/pumpUp/src/actions/service.js","statementMap":{"0":{"start":{"line":3,"column":21},"end":{"line":7,"column":10}},"1":{"start":{"line":11,"column":18},"end":{"line":15,"column":4}},"2":{"start":{"line":17,"column":2},"end":{"line":17,"column":16}},"3":{"start":{"line":22,"column":18},"end":{"line":29,"column":4}},"4":{"start":{"line":31,"column":2},"end":{"line":31,"column":16}},"5":{"start":{"line":36,"column":18},"end":{"line":42,"column":4}},"6":{"start":{"line":44,"column":2},"end":{"line":44,"column":16}}},"fnMap":{"0":{"name":"getUserProfile","decl":{"start":{"line":9,"column":22},"end":{"line":9,"column":36}},"loc":{"start":{"line":9,"column":39},"end":{"line":18,"column":1}},"line":9},"1":{"name":"userFeedPhotos","decl":{"start":{"line":20,"column":22},"end":{"line":20,"column":36}},"loc":{"start":{"line":20,"column":39},"end":{"line":32,"column":1}},"line":20},"2":{"name":"popularFeedPhotos","decl":{"start":{"line":34,"column":22},"end":{"line":34,"column":39}},"loc":{"start":{"line":34,"column":42},"end":{"line":45,"column":1}},"line":34}},"branchMap":{},"s":{"0":3,"1":3,"2":2,"3":3,"4":3,"5":4,"6":4},"f":{"0":3,"1":3,"2":4},"b":{},"_coverageSchema":"332fd63041d2c1bcb487cc26dd0d5f7d97098a6c","hash":"606f632e38eec6d1615cdea4dbe960a29f8995ce"}
,"/home/universalmind/Documents/pump_up/pumpUp/src/actions/user.js": {"path":"/home/universalmind/Documents/pump_up/pumpUp/src/actions/user.js","statementMap":{"0":{"start":{"line":5,"column":2},"end":{"line":7,"column":3}},"1":{"start":{"line":12,"column":2},"end":{"line":12,"column":31}},"2":{"start":{"line":13,"column":2},"end":{"line":29,"column":3}},"3":{"start":{"line":15,"column":4},"end":{"line":28,"column":5}},"4":{"start":{"line":17,"column":22},"end":{"line":17,"column":44}},"5":{"start":{"line":18,"column":6},"end":{"line":24,"column":7}},"6":{"start":{"line":19,"column":8},"end":{"line":23,"column":10}},"7":{"start":{"line":25,"column":6},"end":{"line":25,"column":40}},"8":{"start":{"line":27,"column":6},"end":{"line":27,"column":49}}},"fnMap":{"0":{"name":"toggleBio","decl":{"start":{"line":4,"column":16},"end":{"line":4,"column":25}},"loc":{"start":{"line":4,"column":28},"end":{"line":8,"column":1}},"line":4},"1":{"name":"fetchUser","decl":{"start":{"line":10,"column":16},"end":{"line":10,"column":25}},"loc":{"start":{"line":10,"column":36},"end":{"line":30,"column":1}},"line":10},"2":{"name":"(anonymous_2)","decl":{"start":{"line":13,"column":9},"end":{"line":13,"column":10}},"loc":{"start":{"line":13,"column":27},"end":{"line":29,"column":3}},"line":13}},"branchMap":{"0":{"loc":{"start":{"line":18,"column":6},"end":{"line":24,"column":7}},"type":"if","locations":[{"start":{"line":18,"column":6},"end":{"line":24,"column":7}},{"start":{"line":18,"column":6},"end":{"line":24,"column":7}}],"line":18}},"s":{"0":0,"1":1,"2":1,"3":1,"4":1,"5":1,"6":1,"7":0,"8":0},"f":{"0":0,"1":1,"2":1},"b":{"0":[1,0]},"_coverageSchema":"332fd63041d2c1bcb487cc26dd0d5f7d97098a6c","hash":"d994ff3c65f5ed811c44f5251d1f14f3461c5622"}
,"/home/universalmind/Documents/pump_up/pumpUp/src/components/GridItem.js": {"path":"/home/universalmind/Documents/pump_up/pumpUp/src/components/GridItem.js","statementMap":{"0":{"start":{"line":12,"column":18},"end":{"line":12,"column":42}},"1":{"start":{"line":13,"column":18},"end":{"line":13,"column":31}},"2":{"start":{"line":16,"column":22},"end":{"line":16,"column":65}},"3":{"start":{"line":17,"column":22},"end":{"line":17,"column":39}},"4":{"start":{"line":18,"column":2},"end":{"line":26,"column":3}},"5":{"start":{"line":20,"column":20},"end":{"line":20,"column":42}},"6":{"start":{"line":29,"column":15},"end":{"line":33,"column":2}},"7":{"start":{"line":35,"column":0},"end":{"line":38,"column":1}}},"fnMap":{"0":{"name":"GridItem","decl":{"start":{"line":15,"column":9},"end":{"line":15,"column":17}},"loc":{"start":{"line":15,"column":38},"end":{"line":27,"column":1}},"line":15},"1":{"name":"(anonymous_1)","decl":{"start":{"line":20,"column":15},"end":{"line":20,"column":16}},"loc":{"start":{"line":20,"column":20},"end":{"line":20,"column":42}},"line":20}},"branchMap":{},"s":{"0":1,"1":1,"2":0,"3":0,"4":0,"5":0,"6":1,"7":1},"f":{"0":0,"1":0},"b":{},"_coverageSchema":"332fd63041d2c1bcb487cc26dd0d5f7d97098a6c","hash":"fcbacb30d5de35d877c8a026ed0b3c794e0cb48d"}
,"/home/universalmind/Documents/pump_up/pumpUp/src/components/Photo.js": {"path":"/home/universalmind/Documents/pump_up/pumpUp/src/components/Photo.js","statementMap":{"0":{"start":{"line":12,"column":18},"end":{"line":12,"column":42}},"1":{"start":{"line":15,"column":2},"end":{"line":21,"column":3}},"2":{"start":{"line":24,"column":15},"end":{"line":32,"column":2}},"3":{"start":{"line":35,"column":0},"end":{"line":37,"column":1}}},"fnMap":{"0":{"name":"Photo","decl":{"start":{"line":14,"column":9},"end":{"line":14,"column":14}},"loc":{"start":{"line":14,"column":24},"end":{"line":22,"column":1}},"line":14}},"branchMap":{},"s":{"0":1,"1":0,"2":1,"3":1},"f":{"0":0},"b":{},"_coverageSchema":"332fd63041d2c1bcb487cc26dd0d5f7d97098a6c","hash":"68b83e49f1b2298820e8e08cf6fa7e9742ccfce7"}
,"/home/universalmind/Documents/pump_up/pumpUp/src/containers/Grid.js": {"path":"/home/universalmind/Documents/pump_up/pumpUp/src/containers/Grid.js","statementMap":{"0":{"start":{"line":16,"column":23},"end":{"line":16,"column":24}},"1":{"start":{"line":27,"column":2},"end":{"line":30,"column":3}},"2":{"start":{"line":28,"column":4},"end":{"line":28,"column":13}},"3":{"start":{"line":29,"column":4},"end":{"line":29,"column":31}},"4":{"start":{"line":31,"column":2},"end":{"line":33,"column":3}},"5":{"start":{"line":32,"column":4},"end":{"line":32,"column":31}},"6":{"start":{"line":34,"column":17},"end":{"line":34,"column":34}},"7":{"start":{"line":35,"column":17},"end":{"line":35,"column":46}},"8":{"start":{"line":36,"column":2},"end":{"line":40,"column":3}},"9":{"start":{"line":44,"column":2},"end":{"line":49,"column":3}},"10":{"start":{"line":53,"column":2},"end":{"line":58,"column":3}},"11":{"start":{"line":62,"column":2},"end":{"line":64,"column":3}},"12":{"start":{"line":68,"column":2},"end":{"line":70,"column":3}},"13":{"start":{"line":69,"column":19},"end":{"line":69,"column":48}},"14":{"start":{"line":74,"column":15},"end":{"line":79,"column":2}},"15":{"start":{"line":81,"column":0},"end":{"line":84,"column":1}}},"fnMap":{"0":{"name":"Grid","decl":{"start":{"line":18,"column":9},"end":{"line":18,"column":13}},"loc":{"start":{"line":26,"column":0},"end":{"line":41,"column":1}},"line":26},"1":{"name":"gridPhoto","decl":{"start":{"line":43,"column":9},"end":{"line":43,"column":18}},"loc":{"start":{"line":43,"column":25},"end":{"line":50,"column":1}},"line":43},"2":{"name":"gridRow","decl":{"start":{"line":52,"column":9},"end":{"line":52,"column":16}},"loc":{"start":{"line":52,"column":25},"end":{"line":59,"column":1}},"line":52},"3":{"name":"mapState","decl":{"start":{"line":61,"column":9},"end":{"line":61,"column":17}},"loc":{"start":{"line":61,"column":26},"end":{"line":65,"column":1}},"line":61},"4":{"name":"mapDispatch","decl":{"start":{"line":67,"column":9},"end":{"line":67,"column":20}},"loc":{"start":{"line":67,"column":31},"end":{"line":71,"column":1}},"line":67},"5":{"name":"(anonymous_5)","decl":{"start":{"line":69,"column":13},"end":{"line":69,"column":14}},"loc":{"start":{"line":69,"column":19},"end":{"line":69,"column":48}},"line":69}},"branchMap":{"0":{"loc":{"start":{"line":27,"column":2},"end":{"line":30,"column":3}},"type":"if","locations":[{"start":{"line":27,"column":2},"end":{"line":30,"column":3}},{"start":{"line":27,"column":2},"end":{"line":30,"column":3}}],"line":27},"1":{"loc":{"start":{"line":31,"column":2},"end":{"line":33,"column":3}},"type":"if","locations":[{"start":{"line":31,"column":2},"end":{"line":33,"column":3}},{"start":{"line":31,"column":2},"end":{"line":33,"column":3}}],"line":31}},"s":{"0":1,"1":2,"2":1,"3":1,"4":1,"5":1,"6":0,"7":0,"8":0,"9":0,"10":0,"11":2,"12":1,"13":1,"14":1,"15":1},"f":{"0":2,"1":0,"2":0,"3":2,"4":1,"5":1},"b":{"0":[1,1],"1":[1,0]},"_coverageSchema":"332fd63041d2c1bcb487cc26dd0d5f7d97098a6c","hash":"25505158f8dfc5cb154cc06e9086c2b1ce856812"}
,"/home/universalmind/Documents/pump_up/pumpUp/src/containers/Header.js": {"path":"/home/universalmind/Documents/pump_up/pumpUp/src/containers/Header.js","statementMap":{"0":{"start":{"line":16,"column":24},"end":{"line":16,"column":48}},"1":{"start":{"line":34,"column":2},"end":{"line":36,"column":3}},"2":{"start":{"line":35,"column":4},"end":{"line":35,"column":20}},"3":{"start":{"line":37,"column":2},"end":{"line":43,"column":3}},"4":{"start":{"line":38,"column":4},"end":{"line":42,"column":5}},"5":{"start":{"line":44,"column":2},"end":{"line":61,"column":3}},"6":{"start":{"line":65,"column":2},"end":{"line":67,"column":3}},"7":{"start":{"line":71,"column":2},"end":{"line":74,"column":3}},"8":{"start":{"line":72,"column":21},"end":{"line":72,"column":42}},"9":{"start":{"line":73,"column":26},"end":{"line":73,"column":55}},"10":{"start":{"line":78,"column":25},"end":{"line":78,"column":38}},"11":{"start":{"line":79,"column":15},"end":{"line":114,"column":2}},"12":{"start":{"line":116,"column":0},"end":{"line":120,"column":1}}},"fnMap":{"0":{"name":"Header","decl":{"start":{"line":18,"column":9},"end":{"line":18,"column":15}},"loc":{"start":{"line":33,"column":0},"end":{"line":62,"column":1}},"line":33},"1":{"name":"mapState","decl":{"start":{"line":64,"column":9},"end":{"line":64,"column":17}},"loc":{"start":{"line":64,"column":25},"end":{"line":68,"column":1}},"line":64},"2":{"name":"mapDispatch","decl":{"start":{"line":70,"column":9},"end":{"line":70,"column":20}},"loc":{"start":{"line":70,"column":31},"end":{"line":75,"column":1}},"line":70},"3":{"name":"(anonymous_3)","decl":{"start":{"line":72,"column":15},"end":{"line":72,"column":16}},"loc":{"start":{"line":72,"column":21},"end":{"line":72,"column":42}},"line":72},"4":{"name":"(anonymous_4)","decl":{"start":{"line":73,"column":20},"end":{"line":73,"column":21}},"loc":{"start":{"line":73,"column":26},"end":{"line":73,"column":55}},"line":73}},"branchMap":{"0":{"loc":{"start":{"line":34,"column":2},"end":{"line":36,"column":3}},"type":"if","locations":[{"start":{"line":34,"column":2},"end":{"line":36,"column":3}},{"start":{"line":34,"column":2},"end":{"line":36,"column":3}}],"line":34},"1":{"loc":{"start":{"line":37,"column":2},"end":{"line":43,"column":3}},"type":"if","locations":[{"start":{"line":37,"column":2},"end":{"line":43,"column":3}},{"start":{"line":37,"column":2},"end":{"line":43,"column":3}}],"line":37},"2":{"loc":{"start":{"line":47,"column":44},"end":{"line":47,"column":77}},"type":"cond-expr","locations":[{"start":{"line":47,"column":56},"end":{"line":47,"column":62}},{"start":{"line":47,"column":65},"end":{"line":47,"column":77}}],"line":47},"3":{"loc":{"start":{"line":53,"column":21},"end":{"line":55,"column":21}},"type":"cond-expr","locations":[{"start":{"line":54,"column":18},"end":{"line":54,"column":44}},{"start":{"line":55,"column":18},"end":{"line":55,"column":21}}],"line":53},"4":{"loc":{"start":{"line":55,"column":32},"end":{"line":55,"column":59}},"type":"cond-expr","locations":[{"start":{"line":55,"column":44},"end":{"line":55,"column":50}},{"start":{"line":55,"column":53},"end":{"line":55,"column":59}}],"line":55}},"s":{"0":1,"1":2,"2":1,"3":2,"4":2,"5":0,"6":3,"7":1,"8":0,"9":1,"10":1,"11":1,"12":1},"f":{"0":2,"1":3,"2":1,"3":0,"4":1},"b":{"0":[1,1],"1":[2,0],"2":[0,0],"3":[0,0],"4":[0,0]},"_coverageSchema":"332fd63041d2c1bcb487cc26dd0d5f7d97098a6c","hash":"563040a29fcc2770a523fcae0bb8b3a16f067581"}
,"/home/universalmind/Documents/pump_up/pumpUp/src/containers/NavDots.js": {"path":"/home/universalmind/Documents/pump_up/pumpUp/src/containers/NavDots.js","statementMap":{"0":{"start":{"line":24,"column":2},"end":{"line":42,"column":3}},"1":{"start":{"line":27,"column":24},"end":{"line":31,"column":10}},"2":{"start":{"line":32,"column":8},"end":{"line":39,"column":9}},"3":{"start":{"line":33,"column":43},"end":{"line":33,"column":57}},"4":{"start":{"line":46,"column":15},"end":{"line":54,"column":2}},"5":{"start":{"line":57,"column":2},"end":{"line":62,"column":3}},"6":{"start":{"line":65,"column":2},"end":{"line":67,"column":3}},"7":{"start":{"line":66,"column":26},"end":{"line":66,"column":52}},"8":{"start":{"line":70,"column":0},"end":{"line":77,"column":1}}},"fnMap":{"0":{"name":"NavDots","decl":{"start":{"line":16,"column":9},"end":{"line":16,"column":16}},"loc":{"start":{"line":23,"column":3},"end":{"line":43,"column":1}},"line":23},"1":{"name":"(anonymous_1)","decl":{"start":{"line":26,"column":18},"end":{"line":26,"column":19}},"loc":{"start":{"line":26,"column":28},"end":{"line":40,"column":7}},"line":26},"2":{"name":"(anonymous_2)","decl":{"start":{"line":33,"column":37},"end":{"line":33,"column":38}},"loc":{"start":{"line":33,"column":43},"end":{"line":33,"column":57}},"line":33},"3":{"name":"mapState","decl":{"start":{"line":56,"column":9},"end":{"line":56,"column":17}},"loc":{"start":{"line":56,"column":28},"end":{"line":63,"column":1}},"line":56},"4":{"name":"mapDispatch","decl":{"start":{"line":64,"column":9},"end":{"line":64,"column":20}},"loc":{"start":{"line":64,"column":30},"end":{"line":68,"column":1}},"line":64},"5":{"name":"(anonymous_5)","decl":{"start":{"line":66,"column":17},"end":{"line":66,"column":18}},"loc":{"start":{"line":66,"column":26},"end":{"line":66,"column":52}},"line":66}},"branchMap":{},"s":{"0":0,"1":0,"2":0,"3":0,"4":1,"5":0,"6":0,"7":0,"8":1},"f":{"0":0,"1":0,"2":0,"3":0,"4":0,"5":0},"b":{},"_coverageSchema":"332fd63041d2c1bcb487cc26dd0d5f7d97098a6c","hash":"79b42c798d4264dcb711bb41365912eee44f5233"}
,"/home/universalmind/Documents/pump_up/pumpUp/src/containers/Swiper.js": {"path":"/home/universalmind/Documents/pump_up/pumpUp/src/containers/Swiper.js","statementMap":{"0":{"start":{"line":18,"column":18},"end":{"line":18,"column":42}},"1":{"start":{"line":21,"column":2},"end":{"line":25,"column":3}},"2":{"start":{"line":31,"column":4},"end":{"line":31,"column":16}},"3":{"start":{"line":39,"column":8},"end":{"line":39,"column":18}},"4":{"start":{"line":41,"column":4},"end":{"line":47,"column":5}},"5":{"start":{"line":43,"column":6},"end":{"line":46,"column":8}},"6":{"start":{"line":56,"column":8},"end":{"line":56,"column":18}},"7":{"start":{"line":57,"column":4},"end":{"line":59,"column":5}},"8":{"start":{"line":58,"column":6},"end":{"line":58,"column":17}},"9":{"start":{"line":60,"column":4},"end":{"line":62,"column":5}},"10":{"start":{"line":61,"column":6},"end":{"line":61,"column":32}},"11":{"start":{"line":68,"column":8},"end":{"line":68,"column":18}},"12":{"start":{"line":69,"column":4},"end":{"line":96,"column":5}},"13":{"start":{"line":72,"column":23},"end":{"line":72,"column":43}},"14":{"start":{"line":75,"column":12},"end":{"line":79,"column":13}},"15":{"start":{"line":88,"column":32},"end":{"line":88,"column":45}},"16":{"start":{"line":103,"column":2},"end":{"line":105,"column":3}},"17":{"start":{"line":109,"column":2},"end":{"line":111,"column":3}},"18":{"start":{"line":110,"column":21},"end":{"line":110,"column":52}},"19":{"start":{"line":114,"column":15},"end":{"line":121,"column":2}},"20":{"start":{"line":123,"column":0},"end":{"line":126,"column":1}},"21":{"start":{"line":129,"column":0},"end":{"line":131,"column":1}}},"fnMap":{"0":{"name":"photoRender","decl":{"start":{"line":20,"column":9},"end":{"line":20,"column":20}},"loc":{"start":{"line":20,"column":29},"end":{"line":26,"column":1}},"line":20},"1":{"name":"(anonymous_1)","decl":{"start":{"line":30,"column":2},"end":{"line":30,"column":3}},"loc":{"start":{"line":30,"column":21},"end":{"line":32,"column":3}},"line":30},"2":{"name":"(anonymous_2)","decl":{"start":{"line":34,"column":2},"end":{"line":34,"column":3}},"loc":{"start":{"line":34,"column":23},"end":{"line":48,"column":3}},"line":34},"3":{"name":"(anonymous_3)","decl":{"start":{"line":49,"column":2},"end":{"line":49,"column":3}},"loc":{"start":{"line":49,"column":12},"end":{"line":98,"column":3}},"line":49},"4":{"name":"(anonymous_4)","decl":{"start":{"line":72,"column":15},"end":{"line":72,"column":16}},"loc":{"start":{"line":72,"column":22},"end":{"line":72,"column":44}},"line":72},"5":{"name":"(anonymous_5)","decl":{"start":{"line":74,"column":25},"end":{"line":74,"column":26}},"loc":{"start":{"line":75,"column":12},"end":{"line":79,"column":13}},"line":75},"6":{"name":"(anonymous_6)","decl":{"start":{"line":88,"column":24},"end":{"line":88,"column":25}},"loc":{"start":{"line":88,"column":32},"end":{"line":88,"column":45}},"line":88},"7":{"name":"mapState","decl":{"start":{"line":102,"column":9},"end":{"line":102,"column":17}},"loc":{"start":{"line":102,"column":28},"end":{"line":106,"column":1}},"line":102},"8":{"name":"mapDispatch","decl":{"start":{"line":108,"column":9},"end":{"line":108,"column":20}},"loc":{"start":{"line":108,"column":31},"end":{"line":112,"column":1}},"line":108},"9":{"name":"(anonymous_9)","decl":{"start":{"line":110,"column":15},"end":{"line":110,"column":16}},"loc":{"start":{"line":110,"column":21},"end":{"line":110,"column":52}},"line":110}},"branchMap":{"0":{"loc":{"start":{"line":41,"column":4},"end":{"line":47,"column":5}},"type":"if","locations":[{"start":{"line":41,"column":4},"end":{"line":47,"column":5}},{"start":{"line":41,"column":4},"end":{"line":47,"column":5}}],"line":41},"1":{"loc":{"start":{"line":57,"column":4},"end":{"line":59,"column":5}},"type":"if","locations":[{"start":{"line":57,"column":4},"end":{"line":59,"column":5}},{"start":{"line":57,"column":4},"end":{"line":59,"column":5}}],"line":57},"2":{"loc":{"start":{"line":60,"column":4},"end":{"line":62,"column":5}},"type":"if","locations":[{"start":{"line":60,"column":4},"end":{"line":62,"column":5}},{"start":{"line":60,"column":4},"end":{"line":62,"column":5}}],"line":60}},"s":{"0":1,"1":0,"2":1,"3":1,"4":1,"5":0,"6":3,"7":3,"8":1,"9":3,"10":2,"11":1,"12":1,"13":0,"14":0,"15":0,"16":3,"17":1,"18":1,"19":1,"20":1,"21":1},"f":{"0":0,"1":1,"2":1,"3":3,"4":0,"5":0,"6":0,"7":3,"8":1,"9":1},"b":{"0":[0,1],"1":[1,2],"2":[2,1]},"_coverageSchema":"332fd63041d2c1bcb487cc26dd0d5f7d97098a6c","hash":"4570d066fc02d5dee609f10e19707e899a96f4f0"}
,"/home/universalmind/Documents/pump_up/pumpUp/src/reducers/feed.js": {"path":"/home/universalmind/Documents/pump_up/pumpUp/src/reducers/feed.js","statementMap":{"0":{"start":{"line":4,"column":18},"end":{"line":8,"column":1}},"1":{"start":{"line":12,"column":19},"end":{"line":28,"column":3}},"2":{"start":{"line":13,"column":27},"end":{"line":17,"column":5}},"3":{"start":{"line":18,"column":38},"end":{"line":22,"column":5}},"4":{"start":{"line":23,"column":38},"end":{"line":27,"column":5}},"5":{"start":{"line":30,"column":2},"end":{"line":30,"column":74}}},"fnMap":{"0":{"name":"FeedReducer","decl":{"start":{"line":11,"column":9},"end":{"line":11,"column":20}},"loc":{"start":{"line":11,"column":46},"end":{"line":31,"column":1}},"line":11},"1":{"name":"(anonymous_1)","decl":{"start":{"line":13,"column":20},"end":{"line":13,"column":21}},"loc":{"start":{"line":13,"column":27},"end":{"line":17,"column":5}},"line":13},"2":{"name":"(anonymous_2)","decl":{"start":{"line":18,"column":31},"end":{"line":18,"column":32}},"loc":{"start":{"line":18,"column":38},"end":{"line":22,"column":5}},"line":18},"3":{"name":"(anonymous_3)","decl":{"start":{"line":23,"column":31},"end":{"line":23,"column":32}},"loc":{"start":{"line":23,"column":38},"end":{"line":27,"column":5}},"line":23}},"branchMap":{"0":{"loc":{"start":{"line":11,"column":21},"end":{"line":11,"column":36}},"type":"default-arg","locations":[{"start":{"line":11,"column":27},"end":{"line":11,"column":36}}],"line":11},"1":{"loc":{"start":{"line":30,"column":9},"end":{"line":30,"column":74}},"type":"cond-expr","locations":[{"start":{"line":30,"column":43},"end":{"line":30,"column":66}},{"start":{"line":30,"column":69},"end":{"line":30,"column":74}}],"line":30},"2":{"loc":{"start":{"line":30,"column":9},"end":{"line":30,"column":40}},"type":"binary-expr","locations":[{"start":{"line":30,"column":9},"end":{"line":30,"column":15}},{"start":{"line":30,"column":19},"end":{"line":30,"column":40}}],"line":30}},"s":{"0":1,"1":10,"2":1,"3":1,"4":0,"5":10},"f":{"0":10,"1":1,"2":1,"3":0},"b":{"0":[3],"1":[2,8],"2":[10,10]},"_coverageSchema":"332fd63041d2c1bcb487cc26dd0d5f7d97098a6c","hash":"4874218df2ff2d0796b60c70b2b022de7cf90ce7"}
,"/home/universalmind/Documents/pump_up/pumpUp/src/reducers/index.js": {"path":"/home/universalmind/Documents/pump_up/pumpUp/src/reducers/index.js","statementMap":{},"fnMap":{},"branchMap":{},"s":{},"f":{},"b":{},"_coverageSchema":"332fd63041d2c1bcb487cc26dd0d5f7d97098a6c","hash":"1af4c2b414f700c674faea07ca1036ca9715f2ac"}
,"/home/universalmind/Documents/pump_up/pumpUp/src/reducers/photos.js": {"path":"/home/universalmind/Documents/pump_up/pumpUp/src/reducers/photos.js","statementMap":{"0":{"start":{"line":4,"column":18},"end":{"line":4,"column":42}},"1":{"start":{"line":6,"column":16},"end":{"line":6,"column":37}},"2":{"start":{"line":8,"column":19},"end":{"line":19,"column":1}},"3":{"start":{"line":23,"column":2},"end":{"line":23,"column":31}},"4":{"start":{"line":24,"column":19},"end":{"line":43,"column":3}},"5":{"start":{"line":26,"column":6},"end":{"line":29,"column":7}},"6":{"start":{"line":32,"column":28},"end":{"line":36,"column":5}},"7":{"start":{"line":37,"column":39},"end":{"line":42,"column":5}},"8":{"start":{"line":44,"column":2},"end":{"line":44,"column":64}}},"fnMap":{"0":{"name":"PhotoReducer","decl":{"start":{"line":22,"column":9},"end":{"line":22,"column":21}},"loc":{"start":{"line":22,"column":48},"end":{"line":45,"column":1}},"line":22},"1":{"name":"(anonymous_1)","decl":{"start":{"line":25,"column":20},"end":{"line":25,"column":21}},"loc":{"start":{"line":25,"column":26},"end":{"line":30,"column":5}},"line":25},"2":{"name":"(anonymous_2)","decl":{"start":{"line":32,"column":21},"end":{"line":32,"column":22}},"loc":{"start":{"line":32,"column":28},"end":{"line":36,"column":5}},"line":32},"3":{"name":"(anonymous_3)","decl":{"start":{"line":37,"column":32},"end":{"line":37,"column":33}},"loc":{"start":{"line":37,"column":39},"end":{"line":42,"column":5}},"line":37}},"branchMap":{"0":{"loc":{"start":{"line":22,"column":22},"end":{"line":22,"column":38}},"type":"default-arg","locations":[{"start":{"line":22,"column":28},"end":{"line":22,"column":38}}],"line":22},"1":{"loc":{"start":{"line":44,"column":9},"end":{"line":44,"column":64}},"type":"cond-expr","locations":[{"start":{"line":44,"column":33},"end":{"line":44,"column":56}},{"start":{"line":44,"column":59},"end":{"line":44,"column":64}}],"line":44}},"s":{"0":1,"1":1,"2":1,"3":10,"4":10,"5":0,"6":1,"7":1,"8":10},"f":{"0":10,"1":0,"2":1,"3":1},"b":{"0":[3],"1":[2,8]},"_coverageSchema":"332fd63041d2c1bcb487cc26dd0d5f7d97098a6c","hash":"e8f495e7ec5d5c6fc2378f6cbaab2139099b3858"}
,"/home/universalmind/Documents/pump_up/pumpUp/src/reducers/user.js": {"path":"/home/universalmind/Documents/pump_up/pumpUp/src/reducers/user.js","statementMap":{"0":{"start":{"line":4,"column":18},"end":{"line":9,"column":1}},"1":{"start":{"line":13,"column":19},"end":{"line":28,"column":3}},"2":{"start":{"line":14,"column":27},"end":{"line":18,"column":5}},"3":{"start":{"line":19,"column":38},"end":{"line":23,"column":5}},"4":{"start":{"line":24,"column":25},"end":{"line":27,"column":5}},"5":{"start":{"line":29,"column":2},"end":{"line":29,"column":64}}},"fnMap":{"0":{"name":"UserReducer","decl":{"start":{"line":12,"column":9},"end":{"line":12,"column":20}},"loc":{"start":{"line":12,"column":46},"end":{"line":30,"column":1}},"line":12},"1":{"name":"(anonymous_1)","decl":{"start":{"line":14,"column":20},"end":{"line":14,"column":21}},"loc":{"start":{"line":14,"column":27},"end":{"line":18,"column":5}},"line":14},"2":{"name":"(anonymous_2)","decl":{"start":{"line":19,"column":31},"end":{"line":19,"column":32}},"loc":{"start":{"line":19,"column":38},"end":{"line":23,"column":5}},"line":19},"3":{"name":"(anonymous_3)","decl":{"start":{"line":24,"column":18},"end":{"line":24,"column":19}},"loc":{"start":{"line":24,"column":25},"end":{"line":27,"column":5}},"line":24}},"branchMap":{"0":{"loc":{"start":{"line":12,"column":21},"end":{"line":12,"column":36}},"type":"default-arg","locations":[{"start":{"line":12,"column":27},"end":{"line":12,"column":36}}],"line":12},"1":{"loc":{"start":{"line":29,"column":9},"end":{"line":29,"column":64}},"type":"cond-expr","locations":[{"start":{"line":29,"column":33},"end":{"line":29,"column":56}},{"start":{"line":29,"column":59},"end":{"line":29,"column":64}}],"line":29}},"s":{"0":1,"1":10,"2":1,"3":1,"4":0,"5":10},"f":{"0":10,"1":1,"2":1,"3":0},"b":{"0":[3],"1":[2,8]},"_coverageSchema":"332fd63041d2c1bcb487cc26dd0d5f7d97098a6c","hash":"0d8abb258368819a520b20df58f7e5edd3508397"}
,"/home/universalmind/Documents/pump_up/pumpUp/src/selectors/photos.js": {"path":"/home/universalmind/Documents/pump_up/pumpUp/src/selectors/photos.js","statementMap":{"0":{"start":{"line":4,"column":22},"end":{"line":4,"column":42}},"1":{"start":{"line":4,"column":31},"end":{"line":4,"column":42}},"2":{"start":{"line":5,"column":22},"end":{"line":5,"column":42}},"3":{"start":{"line":5,"column":31},"end":{"line":5,"column":42}},"4":{"start":{"line":8,"column":28},"end":{"line":11,"column":1}},"5":{"start":{"line":10,"column":20},"end":{"line":10,"column":33}}},"fnMap":{"0":{"name":"(anonymous_0)","decl":{"start":{"line":4,"column":22},"end":{"line":4,"column":23}},"loc":{"start":{"line":4,"column":31},"end":{"line":4,"column":42}},"line":4},"1":{"name":"(anonymous_1)","decl":{"start":{"line":5,"column":22},"end":{"line":5,"column":23}},"loc":{"start":{"line":5,"column":31},"end":{"line":5,"column":42}},"line":5},"2":{"name":"(anonymous_2)","decl":{"start":{"line":10,"column":2},"end":{"line":10,"column":3}},"loc":{"start":{"line":10,"column":20},"end":{"line":10,"column":33}},"line":10}},"branchMap":{},"s":{"0":1,"1":0,"2":1,"3":0,"4":1,"5":0},"f":{"0":0,"1":0,"2":0},"b":{},"_coverageSchema":"332fd63041d2c1bcb487cc26dd0d5f7d97098a6c","hash":"9a955e614cf48b32abb579cab88f0416194f5ea6"}
}
