TN:
SF:/home/universalmind/Documents/pump_up/pumpUp/App.js
FN:21,Main
FNF:1
FNH:1
FNDA:1,Main
DA:15,1
DA:16,1
DA:22,1
LF:3
LH:3
BRF:0
BRH:0
end_of_record
TN:
SF:/home/universalmind/Documents/pump_up/pumpUp/src/index.js
FN:11,App
FNF:1
FNH:1
FNDA:1,App
DA:12,1
LF:1
LH:1
BRF:0
BRH:0
end_of_record
TN:
SF:/home/universalmind/Documents/pump_up/pumpUp/src/utils.js
FN:1,splitIntoSubArrays
FNF:1
FNH:1
FNDA:19,splitIntoSubArrays
DA:2,19
LF:1
LH:1
BRDA:2,0,0,2
BRDA:2,0,1,17
BRF:2
BRH:2
end_of_record
TN:
SF:/home/universalmind/Documents/pump_up/pumpUp/src/actions/feed.js
FN:9,fetchFeed
FN:12,(anonymous_1)
FNF:2
FNH:2
FNDA:3,fetchFeed
FNDA:3,(anonymous_1)
DA:11,3
DA:12,3
DA:13,3
DA:14,3
DA:15,2
DA:16,1
DA:22,1
DA:24,1
LF:8
LH:8
BRDA:15,0,0,1
BRDA:15,0,1,1
BRF:2
BRH:2
end_of_record
TN:
SF:/home/universalmind/Documents/pump_up/pumpUp/src/actions/photos.js
FN:8,updateIndex
FN:19,fetchPhotos
FN:23,(anonymous_2)
FNF:3
FNH:3
FNDA:2,updateIndex
FNDA:3,fetchPhotos
FNDA:3,(anonymous_2)
DA:9,2
DA:21,3
DA:23,3
DA:24,3
DA:25,3
DA:26,2
DA:27,1
DA:33,1
DA:35,1
LF:9
LH:9
BRDA:26,0,0,1
BRDA:26,0,1,1
BRF:2
BRH:2
end_of_record
TN:
SF:/home/universalmind/Documents/pump_up/pumpUp/src/actions/requests.js
FN:7,dataRequest
FN:14,dataFailure
FN:23,dataSuccess
FNF:3
FNH:3
FNDA:9,dataRequest
FNDA:3,dataFailure
FNDA:3,dataSuccess
DA:8,9
DA:15,3
DA:24,3
LF:3
LH:3
BRF:0
BRH:0
end_of_record
TN:
SF:/home/universalmind/Documents/pump_up/pumpUp/src/actions/service.js
FN:11,getUserProfile
FN:23,userFeedPhotos
FN:38,popularFeedPhotos
FNF:3
FNH:3
FNDA:4,getUserProfile
FNDA:4,userFeedPhotos
FNDA:4,popularFeedPhotos
DA:3,5
DA:13,4
DA:19,3
DA:25,4
DA:34,4
DA:40,4
DA:48,4
LF:7
LH:7
BRF:0
BRH:0
end_of_record
TN:
SF:/home/universalmind/Documents/pump_up/pumpUp/src/actions/user.js
FN:6,toggleBio
FN:16,fetchUser
FN:20,(anonymous_2)
FNF:3
FNH:3
FNDA:2,toggleBio
FNDA:3,fetchUser
FNDA:3,(anonymous_2)
DA:7,2
DA:18,3
DA:20,3
DA:22,3
DA:24,3
DA:25,2
DA:26,1
DA:32,1
DA:34,1
LF:9
LH:9
BRDA:25,0,0,1
BRDA:25,0,1,1
BRF:2
BRH:2
end_of_record
TN:
SF:/home/universalmind/Documents/pump_up/pumpUp/src/components/GridItem.js
FN:16,GridItem
FN:23,(anonymous_1)
FNF:2
FNH:0
FNDA:0,GridItem
FNDA:0,(anonymous_1)
DA:12,1
DA:13,1
DA:18,0
DA:19,0
DA:21,0
DA:23,0
DA:32,1
DA:38,1
LF:8
LH:4
BRF:0
BRH:0
end_of_record
TN:
SF:/home/universalmind/Documents/pump_up/pumpUp/src/components/Photo.js
FN:14,Photo
FNF:1
FNH:0
FNDA:0,Photo
DA:12,1
DA:15,0
DA:24,1
DA:35,1
LF:4
LH:3
BRF:0
BRH:0
end_of_record
TN:
SF:/home/universalmind/Documents/pump_up/pumpUp/src/containers/Grid.js
FN:18,Grid
FN:46,gridPhoto
FN:56,gridRow
FN:65,mapState
FN:71,mapDispatch
FN:73,(anonymous_5)
FNF:6
FNH:4
FNDA:2,Grid
FNDA:0,gridPhoto
FNDA:0,gridRow
FNDA:2,mapState
FNDA:1,mapDispatch
FNDA:1,(anonymous_5)
DA:16,1
DA:27,2
DA:28,1
DA:29,1
DA:31,1
DA:32,1
DA:35,0
DA:36,0
DA:38,0
DA:47,0
DA:57,0
DA:66,2
DA:72,1
DA:73,1
DA:78,1
DA:85,1
LF:16
LH:11
BRDA:27,0,0,1
BRDA:27,0,1,1
BRDA:31,1,0,1
BRDA:31,1,1,0
BRF:4
BRH:3
end_of_record
TN:
SF:/home/universalmind/Documents/pump_up/pumpUp/src/containers/Header.js
FN:18,Header
FN:64,mapState
FN:70,mapDispatch
FN:72,(anonymous_3)
FN:73,(anonymous_4)
FNF:5
FNH:4
FNDA:2,Header
FNDA:2,mapState
FNDA:1,mapDispatch
FNDA:0,(anonymous_3)
FNDA:1,(anonymous_4)
DA:16,1
DA:34,2
DA:35,1
DA:37,2
DA:38,2
DA:44,0
DA:65,2
DA:71,1
DA:72,0
DA:73,1
DA:78,1
DA:79,1
DA:116,1
LF:13
LH:11
BRDA:34,0,0,1
BRDA:34,0,1,1
BRDA:37,1,0,2
BRDA:37,1,1,0
BRDA:47,2,0,0
BRDA:47,2,1,0
BRDA:53,3,0,0
BRDA:53,3,1,0
BRDA:55,4,0,0
BRDA:55,4,1,0
BRF:10
BRH:3
end_of_record
TN:
SF:/home/universalmind/Documents/pump_up/pumpUp/src/containers/NavDots.js
FN:16,NavDots
FN:26,(anonymous_1)
FN:33,(anonymous_2)
FN:56,mapState
FN:64,mapDispatch
FN:66,(anonymous_5)
FNF:6
FNH:0
FNDA:0,NavDots
FNDA:0,(anonymous_1)
FNDA:0,(anonymous_2)
FNDA:0,mapState
FNDA:0,mapDispatch
FNDA:0,(anonymous_5)
DA:24,0
DA:27,0
DA:32,0
DA:33,0
DA:46,1
DA:57,0
DA:65,0
DA:66,0
DA:70,1
LF:9
LH:2
BRF:0
BRH:0
end_of_record
TN:
SF:/home/universalmind/Documents/pump_up/pumpUp/src/containers/Swiper.js
FN:22,photoRender
FN:32,(anonymous_1)
FN:40,(anonymous_2)
FN:56,(anonymous_3)
FN:83,(anonymous_4)
FN:85,(anonymous_5)
FN:99,(anonymous_6)
FN:113,mapState
FN:119,mapDispatch
FN:121,(anonymous_9)
FNF:10
FNH:6
FNDA:0,photoRender
FNDA:1,(anonymous_1)
FNDA:1,(anonymous_2)
FNDA:2,(anonymous_3)
FNDA:0,(anonymous_4)
FNDA:0,(anonymous_5)
FNDA:0,(anonymous_6)
FNDA:2,mapState
FNDA:1,mapDispatch
FNDA:1,(anonymous_9)
DA:18,1
DA:23,0
DA:33,1
DA:45,1
DA:47,1
DA:49,0
DA:63,2
DA:65,2
DA:66,1
DA:69,2
DA:70,2
DA:78,0
DA:80,0
DA:83,0
DA:86,0
DA:99,0
DA:114,2
DA:120,1
DA:121,1
DA:125,1
DA:134,1
DA:139,1
LF:22
LH:15
BRDA:47,0,0,0
BRDA:47,0,1,1
BRDA:65,1,0,1
BRDA:65,1,1,1
BRDA:69,2,0,2
BRDA:69,2,1,0
BRF:6
BRH:4
end_of_record
TN:
SF:/home/universalmind/Documents/pump_up/pumpUp/src/reducers/feed.js
FN:11,FeedReducer
FN:13,(anonymous_1)
FN:18,(anonymous_2)
FN:23,(anonymous_3)
FNF:4
FNH:4
FNDA:10,FeedReducer
FNDA:1,(anonymous_1)
FNDA:1,(anonymous_2)
FNDA:2,(anonymous_3)
DA:4,2
DA:12,10
DA:13,1
DA:18,1
DA:23,2
DA:30,10
LF:6
LH:6
BRDA:11,0,0,7
BRDA:30,1,0,4
BRDA:30,1,1,6
BRDA:30,2,0,10
BRDA:30,2,1,9
BRF:5
BRH:5
end_of_record
TN:
SF:/home/universalmind/Documents/pump_up/pumpUp/src/reducers/index.js
FNF:0
FNH:0
LF:0
LH:0
BRF:0
BRH:0
end_of_record
TN:
SF:/home/universalmind/Documents/pump_up/pumpUp/src/reducers/photos.js
FN:16,PhotoReducer
FN:18,(anonymous_1)
FN:22,(anonymous_2)
FN:27,(anonymous_3)
FN:32,(anonymous_4)
FNF:5
FNH:5
FNDA:12,PhotoReducer
FNDA:2,(anonymous_1)
FNDA:1,(anonymous_2)
FNDA:2,(anonymous_3)
FNDA:1,(anonymous_4)
DA:4,2
DA:5,2
DA:6,2
DA:17,12
DA:18,2
DA:22,1
DA:27,2
DA:32,1
DA:38,12
LF:9
LH:9
BRDA:16,0,0,9
BRDA:20,1,0,1
BRDA:20,1,1,1
BRDA:38,2,0,6
BRDA:38,2,1,6
BRDA:38,3,0,12
BRDA:38,3,1,11
BRF:7
BRH:7
end_of_record
TN:
SF:/home/universalmind/Documents/pump_up/pumpUp/src/reducers/user.js
FN:12,UserReducer
FN:14,(anonymous_1)
FN:19,(anonymous_2)
FN:24,(anonymous_3)
FN:29,(anonymous_4)
FNF:5
FNH:5
FNDA:11,UserReducer
FNDA:1,(anonymous_1)
FNDA:1,(anonymous_2)
FNDA:2,(anonymous_3)
FNDA:1,(anonymous_4)
DA:4,2
DA:13,11
DA:14,1
DA:19,1
DA:24,2
DA:29,1
DA:34,11
LF:7
LH:7
BRDA:12,0,0,8
BRDA:34,1,0,5
BRDA:34,1,1,6
BRDA:34,2,0,11
BRDA:34,2,1,10
BRF:5
BRH:5
end_of_record
TN:
SF:/home/universalmind/Documents/pump_up/pumpUp/src/selectors/photos.js
FN:4,(anonymous_0)
FN:5,(anonymous_1)
FN:10,(anonymous_2)
FNF:3
FNH:0
FNDA:0,(anonymous_0)
FNDA:0,(anonymous_1)
FNDA:0,(anonymous_2)
DA:4,1
DA:5,1
DA:8,1
DA:10,0
LF:4
LH:3
BRF:0
BRH:0
end_of_record
