TN:
SF:/home/universalmind/Documents/pump_up/pumpUp/App.js
FN:22,Main
FNF:1
FNH:1
FNDA:1,Main
DA:16,1
DA:17,1
DA:23,1
LF:3
LH:3
BRF:0
BRH:0
end_of_record
TN:
SF:/home/universalmind/Documents/pump_up/pumpUp/src/index.js
FN:11,App
FNF:1
FNH:1
FNDA:1,App
DA:12,1
LF:1
LH:1
BRF:0
BRH:0
end_of_record
TN:
SF:/home/universalmind/Documents/pump_up/pumpUp/src/utils.js
FN:1,chunk
FNF:1
FNH:1
FNDA:19,chunk
DA:2,19
DA:3,2
DA:5,17
LF:3
LH:3
BRDA:2,0,0,2
BRDA:2,0,1,17
BRF:2
BRH:2
end_of_record
TN:
SF:/home/universalmind/Documents/pump_up/pumpUp/src/actions/feed.js
FN:6,fetchFeed
FN:9,(anonymous_1)
FNF:2
FNH:2
FNDA:3,fetchFeed
FNDA:3,(anonymous_1)
DA:8,3
DA:9,3
DA:10,3
DA:11,3
DA:12,3
DA:13,2
DA:19,1
DA:21,1
DA:22,1
LF:9
LH:9
BRDA:12,0,0,2
BRDA:12,0,1,1
BRF:2
BRH:2
end_of_record
TN:
SF:/home/universalmind/Documents/pump_up/pumpUp/src/actions/photos.js
FN:4,updateIndex
FN:11,updatePosition
FN:19,fetchPhotos
FN:23,(anonymous_3)
FNF:4
FNH:2
FNDA:0,updateIndex
FNDA:0,updatePosition
FNDA:1,fetchPhotos
FNDA:1,(anonymous_3)
DA:5,0
DA:12,0
DA:21,1
DA:23,1
DA:24,1
DA:25,1
DA:26,1
DA:27,1
DA:33,0
DA:35,1
LF:10
LH:7
BRDA:26,0,0,1
BRDA:26,0,1,0
BRF:2
BRH:1
end_of_record
TN:
SF:/home/universalmind/Documents/pump_up/pumpUp/src/actions/requests.js
FN:1,dataRequest
FN:7,dataFailure
FN:14,dataSuccess
FNF:3
FNH:3
FNDA:5,dataRequest
FNDA:2,dataFailure
FNDA:4,dataSuccess
DA:2,5
DA:8,2
DA:15,4
LF:3
LH:3
BRF:0
BRH:0
end_of_record
TN:
SF:/home/universalmind/Documents/pump_up/pumpUp/src/actions/service.js
FN:9,getUserProfile
FN:20,userFeedPhotos
FN:34,popularFeedPhotos
FNF:3
FNH:3
FNDA:3,getUserProfile
FNDA:3,userFeedPhotos
FNDA:4,popularFeedPhotos
DA:3,3
DA:11,3
DA:17,2
DA:22,3
DA:31,3
DA:36,4
DA:44,4
LF:7
LH:7
BRF:0
BRH:0
end_of_record
TN:
SF:/home/universalmind/Documents/pump_up/pumpUp/src/actions/user.js
FN:4,toggleBio
FN:10,fetchUser
FN:13,(anonymous_2)
FNF:3
FNH:2
FNDA:0,toggleBio
FNDA:1,fetchUser
FNDA:1,(anonymous_2)
DA:5,0
DA:12,1
DA:13,1
DA:15,1
DA:17,1
DA:18,1
DA:19,1
DA:25,0
DA:27,0
LF:9
LH:6
BRDA:18,0,0,1
BRDA:18,0,1,0
BRF:2
BRH:1
end_of_record
TN:
SF:/home/universalmind/Documents/pump_up/pumpUp/src/components/GridItem.js
FN:15,GridItem
FN:20,(anonymous_1)
FNF:2
FNH:0
FNDA:0,GridItem
FNDA:0,(anonymous_1)
DA:12,1
DA:13,1
DA:16,0
DA:17,0
DA:18,0
DA:20,0
DA:29,1
DA:35,1
LF:8
LH:4
BRF:0
BRH:0
end_of_record
TN:
SF:/home/universalmind/Documents/pump_up/pumpUp/src/components/Photo.js
FN:14,Photo
FNF:1
FNH:0
FNDA:0,Photo
DA:12,1
DA:15,0
DA:24,1
DA:35,1
LF:4
LH:3
BRF:0
BRH:0
end_of_record
TN:
SF:/home/universalmind/Documents/pump_up/pumpUp/src/containers/Grid.js
FN:18,Grid
FN:43,gridPhoto
FN:52,gridRow
FN:61,mapState
FN:67,mapDispatch
FN:69,(anonymous_5)
FNF:6
FNH:4
FNDA:2,Grid
FNDA:0,gridPhoto
FNDA:0,gridRow
FNDA:2,mapState
FNDA:1,mapDispatch
FNDA:1,(anonymous_5)
DA:16,1
DA:27,2
DA:28,1
DA:29,1
DA:31,1
DA:32,1
DA:34,0
DA:35,0
DA:36,0
DA:44,0
DA:53,0
DA:62,2
DA:68,1
DA:69,1
DA:74,1
DA:81,1
LF:16
LH:11
BRDA:27,0,0,1
BRDA:27,0,1,1
BRDA:31,1,0,1
BRDA:31,1,1,0
BRF:4
BRH:3
end_of_record
TN:
SF:/home/universalmind/Documents/pump_up/pumpUp/src/containers/Header.js
FN:18,Header
FN:64,mapState
FN:70,mapDispatch
FN:72,(anonymous_3)
FN:73,(anonymous_4)
FNF:5
FNH:4
FNDA:2,Header
FNDA:3,mapState
FNDA:1,mapDispatch
FNDA:0,(anonymous_3)
FNDA:1,(anonymous_4)
DA:16,1
DA:34,2
DA:35,1
DA:37,2
DA:38,2
DA:44,0
DA:65,3
DA:71,1
DA:72,0
DA:73,1
DA:78,1
DA:79,1
DA:116,1
LF:13
LH:11
BRDA:34,0,0,1
BRDA:34,0,1,1
BRDA:37,1,0,2
BRDA:37,1,1,0
BRDA:47,2,0,0
BRDA:47,2,1,0
BRDA:53,3,0,0
BRDA:53,3,1,0
BRDA:55,4,0,0
BRDA:55,4,1,0
BRF:10
BRH:3
end_of_record
TN:
SF:/home/universalmind/Documents/pump_up/pumpUp/src/containers/NavDots.js
FN:16,NavDots
FN:26,(anonymous_1)
FN:33,(anonymous_2)
FN:56,mapState
FN:64,mapDispatch
FN:66,(anonymous_5)
FNF:6
FNH:0
FNDA:0,NavDots
FNDA:0,(anonymous_1)
FNDA:0,(anonymous_2)
FNDA:0,mapState
FNDA:0,mapDispatch
FNDA:0,(anonymous_5)
DA:24,0
DA:27,0
DA:32,0
DA:33,0
DA:46,1
DA:57,0
DA:65,0
DA:66,0
DA:70,1
LF:9
LH:2
BRF:0
BRH:0
end_of_record
TN:
SF:/home/universalmind/Documents/pump_up/pumpUp/src/containers/Swiper.js
FN:20,photoRender
FN:30,(anonymous_1)
FN:34,(anonymous_2)
FN:49,(anonymous_3)
FN:72,(anonymous_4)
FN:74,(anonymous_5)
FN:88,(anonymous_6)
FN:102,mapState
FN:108,mapDispatch
FN:110,(anonymous_9)
FNF:10
FNH:6
FNDA:0,photoRender
FNDA:1,(anonymous_1)
FNDA:1,(anonymous_2)
FNDA:3,(anonymous_3)
FNDA:0,(anonymous_4)
FNDA:0,(anonymous_5)
FNDA:0,(anonymous_6)
FNDA:3,mapState
FNDA:1,mapDispatch
FNDA:1,(anonymous_9)
DA:18,1
DA:21,0
DA:31,1
DA:39,1
DA:41,1
DA:43,0
DA:56,3
DA:57,3
DA:58,1
DA:60,3
DA:61,2
DA:68,1
DA:69,1
DA:72,0
DA:75,0
DA:88,0
DA:103,3
DA:109,1
DA:110,1
DA:114,1
DA:123,1
DA:129,1
LF:22
LH:17
BRDA:41,0,0,0
BRDA:41,0,1,1
BRDA:57,1,0,1
BRDA:57,1,1,2
BRDA:60,2,0,2
BRDA:60,2,1,1
BRF:6
BRH:5
end_of_record
TN:
SF:/home/universalmind/Documents/pump_up/pumpUp/src/reducers/feed.js
FN:11,FeedReducer
FN:13,(anonymous_1)
FN:18,(anonymous_2)
FN:23,(anonymous_3)
FNF:4
FNH:3
FNDA:10,FeedReducer
FNDA:1,(anonymous_1)
FNDA:1,(anonymous_2)
FNDA:0,(anonymous_3)
DA:4,1
DA:12,10
DA:13,1
DA:18,1
DA:23,0
DA:30,10
LF:6
LH:5
BRDA:11,0,0,3
BRDA:30,1,0,2
BRDA:30,1,1,8
BRDA:30,2,0,10
BRDA:30,2,1,10
BRF:5
BRH:5
end_of_record
TN:
SF:/home/universalmind/Documents/pump_up/pumpUp/src/reducers/index.js
FNF:0
FNH:0
LF:0
LH:0
BRF:0
BRH:0
end_of_record
TN:
SF:/home/universalmind/Documents/pump_up/pumpUp/src/reducers/photos.js
FN:22,PhotoReducer
FN:25,(anonymous_1)
FN:32,(anonymous_2)
FN:37,(anonymous_3)
FNF:4
FNH:3
FNDA:10,PhotoReducer
FNDA:0,(anonymous_1)
FNDA:1,(anonymous_2)
FNDA:1,(anonymous_3)
DA:4,1
DA:6,1
DA:8,1
DA:23,10
DA:24,10
DA:26,0
DA:32,1
DA:37,1
DA:44,10
LF:9
LH:8
BRDA:22,0,0,3
BRDA:44,1,0,2
BRDA:44,1,1,8
BRF:3
BRH:3
end_of_record
TN:
SF:/home/universalmind/Documents/pump_up/pumpUp/src/reducers/user.js
FN:12,UserReducer
FN:14,(anonymous_1)
FN:19,(anonymous_2)
FN:24,(anonymous_3)
FNF:4
FNH:3
FNDA:10,UserReducer
FNDA:1,(anonymous_1)
FNDA:1,(anonymous_2)
FNDA:0,(anonymous_3)
DA:4,1
DA:13,10
DA:14,1
DA:19,1
DA:24,0
DA:29,10
LF:6
LH:5
BRDA:12,0,0,3
BRDA:29,1,0,2
BRDA:29,1,1,8
BRF:3
BRH:3
end_of_record
TN:
SF:/home/universalmind/Documents/pump_up/pumpUp/src/selectors/photos.js
FN:4,(anonymous_0)
FN:5,(anonymous_1)
FN:10,(anonymous_2)
FNF:3
FNH:0
FNDA:0,(anonymous_0)
FNDA:0,(anonymous_1)
FNDA:0,(anonymous_2)
DA:4,1
DA:5,1
DA:8,1
DA:10,0
LF:4
LH:3
BRF:0
BRH:0
end_of_record
